mode: set
github.com/bf2fc6cc711aee1a0c2a/kas-fleet-manager/cmd/kas-fleet-manager/main.go:12.13,21.56 2 0
github.com/bf2fc6cc711aee1a0c2a/kas-fleet-manager/cmd/kas-fleet-manager/main.go:25.2,28.16 2 0
github.com/bf2fc6cc711aee1a0c2a/kas-fleet-manager/cmd/kas-fleet-manager/main.go:31.2,39.16 4 0
github.com/bf2fc6cc711aee1a0c2a/kas-fleet-manager/cmd/kas-fleet-manager/main.go:43.2,43.52 1 0
github.com/bf2fc6cc711aee1a0c2a/kas-fleet-manager/cmd/kas-fleet-manager/main.go:51.2,51.16 1 0
github.com/bf2fc6cc711aee1a0c2a/kas-fleet-manager/cmd/kas-fleet-manager/main.go:21.56,23.3 1 0
github.com/bf2fc6cc711aee1a0c2a/kas-fleet-manager/cmd/kas-fleet-manager/main.go:28.16,30.3 1 0
github.com/bf2fc6cc711aee1a0c2a/kas-fleet-manager/cmd/kas-fleet-manager/main.go:39.16,41.3 1 0
github.com/bf2fc6cc711aee1a0c2a/kas-fleet-manager/cmd/kas-fleet-manager/main.go:43.52,46.43 2 0
github.com/bf2fc6cc711aee1a0c2a/kas-fleet-manager/cmd/kas-fleet-manager/main.go:46.43,48.4 1 0
github.com/bf2fc6cc711aee1a0c2a/kas-fleet-manager/cmd/kas-fleet-manager/main.go:51.16,53.3 1 0
github.com/bf2fc6cc711aee1a0c2a/kas-fleet-manager/internal/connector/internal/services/vault/config.go:18.26,25.2 1 1
github.com/bf2fc6cc711aee1a0c2a/kas-fleet-manager/internal/connector/internal/services/vault/config.go:27.46,32.2 4 0
github.com/bf2fc6cc711aee1a0c2a/kas-fleet-manager/internal/connector/internal/services/vault/config.go:34.36,35.21 1 1
github.com/bf2fc6cc711aee1a0c2a/kas-fleet-manager/internal/connector/internal/services/vault/config.go:45.2,45.12 1 1
github.com/bf2fc6cc711aee1a0c2a/kas-fleet-manager/internal/connector/internal/services/vault/config.go:35.21,37.17 2 0
github.com/bf2fc6cc711aee1a0c2a/kas-fleet-manager/internal/connector/internal/services/vault/config.go:40.3,41.17 2 0
github.com/bf2fc6cc711aee1a0c2a/kas-fleet-manager/internal/connector/internal/services/vault/config.go:37.17,39.4 1 0
github.com/bf2fc6cc711aee1a0c2a/kas-fleet-manager/internal/connector/internal/services/vault/config.go:41.17,43.4 1 0
github.com/bf2fc6cc711aee1a0c2a/kas-fleet-manager/internal/connector/internal/services/vault/providers.go:8.34,13.2 1 0
github.com/bf2fc6cc711aee1a0c2a/kas-fleet-manager/internal/connector/internal/services/vault/providers.go:15.35,19.2 1 0
github.com/bf2fc6cc711aee1a0c2a/kas-fleet-manager/internal/connector/internal/services/vault/vault_service.go:16.65,18.26 2 1
github.com/bf2fc6cc711aee1a0c2a/kas-fleet-manager/internal/connector/internal/services/vault/vault_service.go:19.13,20.41 1 1
github.com/bf2fc6cc711aee1a0c2a/kas-fleet-manager/internal/connector/internal/services/vault/vault_service.go:21.13,22.30 1 1
github.com/bf2fc6cc711aee1a0c2a/kas-fleet-manager/internal/connector/internal/services/vault/vault_service.go:24.10,25.69 1 1
github.com/bf2fc6cc711aee1a0c2a/kas-fleet-manager/internal/connector/internal/services/vault/vault_service_aws.go:22.72,32.16 3 1
github.com/bf2fc6cc711aee1a0c2a/kas-fleet-manager/internal/connector/internal/services/vault/vault_service_aws.go:36.2,37.69 2 1
github.com/bf2fc6cc711aee1a0c2a/kas-fleet-manager/internal/connector/internal/services/vault/vault_service_aws.go:40.2,40.16 1 1
github.com/bf2fc6cc711aee1a0c2a/kas-fleet-manager/internal/connector/internal/services/vault/vault_service_aws.go:43.2,46.8 1 1
github.com/bf2fc6cc711aee1a0c2a/kas-fleet-manager/internal/connector/internal/services/vault/vault_service_aws.go:32.16,34.3 1 0
github.com/bf2fc6cc711aee1a0c2a/kas-fleet-manager/internal/connector/internal/services/vault/vault_service_aws.go:37.69,39.3 1 1
github.com/bf2fc6cc711aee1a0c2a/kas-fleet-manager/internal/connector/internal/services/vault/vault_service_aws.go:40.16,42.3 1 0
github.com/bf2fc6cc711aee1a0c2a/kas-fleet-manager/internal/connector/internal/services/vault/vault_service_aws.go:49.41,51.2 1 0
github.com/bf2fc6cc711aee1a0c2a/kas-fleet-manager/internal/connector/internal/services/vault/vault_service_aws.go:53.72,56.16 3 0
github.com/bf2fc6cc711aee1a0c2a/kas-fleet-manager/internal/connector/internal/services/vault/vault_service_aws.go:66.2,66.20 1 0
github.com/bf2fc6cc711aee1a0c2a/kas-fleet-manager/internal/connector/internal/services/vault/vault_service_aws.go:56.16,57.21 1 0
github.com/bf2fc6cc711aee1a0c2a/kas-fleet-manager/internal/connector/internal/services/vault/vault_service_aws.go:58.50,59.50 1 0
github.com/bf2fc6cc711aee1a0c2a/kas-fleet-manager/internal/connector/internal/services/vault/vault_service_aws.go:60.11,61.51 1 0
github.com/bf2fc6cc711aee1a0c2a/kas-fleet-manager/internal/connector/internal/services/vault/vault_service_aws.go:63.8,65.3 1 0
github.com/bf2fc6cc711aee1a0c2a/kas-fleet-manager/internal/connector/internal/services/vault/vault_service_aws.go:69.99,72.26 2 0
github.com/bf2fc6cc711aee1a0c2a/kas-fleet-manager/internal/connector/internal/services/vault/vault_service_aws.go:80.2,86.16 3 0
github.com/bf2fc6cc711aee1a0c2a/kas-fleet-manager/internal/connector/internal/services/vault/vault_service_aws.go:92.2,92.12 1 0
github.com/bf2fc6cc711aee1a0c2a/kas-fleet-manager/internal/connector/internal/services/vault/vault_service_aws.go:72.26,78.3 1 0
github.com/bf2fc6cc711aee1a0c2a/kas-fleet-manager/internal/connector/internal/services/vault/vault_service_aws.go:86.16,89.3 2 0
github.com/bf2fc6cc711aee1a0c2a/kas-fleet-manager/internal/connector/internal/services/vault/vault_service_aws.go:89.8,91.3 1 0
github.com/bf2fc6cc711aee1a0c2a/kas-fleet-manager/internal/connector/internal/services/vault/vault_service_aws.go:95.96,97.116 2 0
github.com/bf2fc6cc711aee1a0c2a/kas-fleet-manager/internal/connector/internal/services/vault/vault_service_aws.go:112.2,112.16 1 0
github.com/bf2fc6cc711aee1a0c2a/kas-fleet-manager/internal/connector/internal/services/vault/vault_service_aws.go:116.2,116.12 1 0
github.com/bf2fc6cc711aee1a0c2a/kas-fleet-manager/internal/connector/internal/services/vault/vault_service_aws.go:97.116,98.43 1 0
github.com/bf2fc6cc711aee1a0c2a/kas-fleet-manager/internal/connector/internal/services/vault/vault_service_aws.go:110.3,110.14 1 0
github.com/bf2fc6cc711aee1a0c2a/kas-fleet-manager/internal/connector/internal/services/vault/vault_service_aws.go:98.43,102.25 4 0
github.com/bf2fc6cc711aee1a0c2a/kas-fleet-manager/internal/connector/internal/services/vault/vault_service_aws.go:105.4,106.23 2 0
github.com/bf2fc6cc711aee1a0c2a/kas-fleet-manager/internal/connector/internal/services/vault/vault_service_aws.go:102.25,104.5 1 0
github.com/bf2fc6cc711aee1a0c2a/kas-fleet-manager/internal/connector/internal/services/vault/vault_service_aws.go:106.23,108.5 1 0
github.com/bf2fc6cc711aee1a0c2a/kas-fleet-manager/internal/connector/internal/services/vault/vault_service_aws.go:112.16,115.3 2 0
github.com/bf2fc6cc711aee1a0c2a/kas-fleet-manager/internal/connector/internal/services/vault/vault_service_aws.go:119.60,120.27 1 0
github.com/bf2fc6cc711aee1a0c2a/kas-fleet-manager/internal/connector/internal/services/vault/vault_service_aws.go:125.2,125.11 1 0
github.com/bf2fc6cc711aee1a0c2a/kas-fleet-manager/internal/connector/internal/services/vault/vault_service_aws.go:120.27,121.22 1 0
github.com/bf2fc6cc711aee1a0c2a/kas-fleet-manager/internal/connector/internal/services/vault/vault_service_aws.go:121.22,123.4 1 0
github.com/bf2fc6cc711aee1a0c2a/kas-fleet-manager/internal/connector/internal/services/vault/vault_service_aws.go:128.65,133.16 3 0
github.com/bf2fc6cc711aee1a0c2a/kas-fleet-manager/internal/connector/internal/services/vault/vault_service_aws.go:143.2,143.12 1 0
github.com/bf2fc6cc711aee1a0c2a/kas-fleet-manager/internal/connector/internal/services/vault/vault_service_aws.go:133.16,134.21 1 0
github.com/bf2fc6cc711aee1a0c2a/kas-fleet-manager/internal/connector/internal/services/vault/vault_service_aws.go:135.50,136.53 1 0
github.com/bf2fc6cc711aee1a0c2a/kas-fleet-manager/internal/connector/internal/services/vault/vault_service_aws.go:137.11,138.54 1 0
github.com/bf2fc6cc711aee1a0c2a/kas-fleet-manager/internal/connector/internal/services/vault/vault_service_aws.go:140.8,142.3 1 0
github.com/bf2fc6cc711aee1a0c2a/kas-fleet-manager/internal/connector/internal/services/vault/vault_service_tmp.go:36.53,40.2 1 1
github.com/bf2fc6cc711aee1a0c2a/kas-fleet-manager/internal/connector/internal/services/vault/vault_service_tmp.go:42.41,44.2 1 0
github.com/bf2fc6cc711aee1a0c2a/kas-fleet-manager/internal/connector/internal/services/vault/vault_service_tmp.go:46.43,54.2 7 0
github.com/bf2fc6cc711aee1a0c2a/kas-fleet-manager/internal/connector/internal/services/vault/vault_service_tmp.go:56.47,66.2 3 0
github.com/bf2fc6cc711aee1a0c2a/kas-fleet-manager/internal/connector/internal/services/vault/vault_service_tmp.go:68.99,74.40 4 1
github.com/bf2fc6cc711aee1a0c2a/kas-fleet-manager/internal/connector/internal/services/vault/vault_service_tmp.go:79.2,85.12 3 1
github.com/bf2fc6cc711aee1a0c2a/kas-fleet-manager/internal/connector/internal/services/vault/vault_service_tmp.go:74.40,76.3 1 0
github.com/bf2fc6cc711aee1a0c2a/kas-fleet-manager/internal/connector/internal/services/vault/vault_service_tmp.go:76.8,78.3 1 1
github.com/bf2fc6cc711aee1a0c2a/kas-fleet-manager/internal/connector/internal/services/vault/vault_service_tmp.go:88.72,95.11 5 1
github.com/bf2fc6cc711aee1a0c2a/kas-fleet-manager/internal/connector/internal/services/vault/vault_service_tmp.go:95.11,99.3 3 1
github.com/bf2fc6cc711aee1a0c2a/kas-fleet-manager/internal/connector/internal/services/vault/vault_service_tmp.go:99.8,103.3 3 1
github.com/bf2fc6cc711aee1a0c2a/kas-fleet-manager/internal/connector/internal/services/vault/vault_service_tmp.go:106.65,111.34 4 1
github.com/bf2fc6cc711aee1a0c2a/kas-fleet-manager/internal/connector/internal/services/vault/vault_service_tmp.go:119.2,120.12 2 1
github.com/bf2fc6cc711aee1a0c2a/kas-fleet-manager/internal/connector/internal/services/vault/vault_service_tmp.go:111.34,114.3 2 1
github.com/bf2fc6cc711aee1a0c2a/kas-fleet-manager/internal/connector/internal/services/vault/vault_service_tmp.go:114.8,117.3 2 1
github.com/bf2fc6cc711aee1a0c2a/kas-fleet-manager/internal/connector/internal/services/vault/vault_service_tmp.go:123.96,128.30 3 1
github.com/bf2fc6cc711aee1a0c2a/kas-fleet-manager/internal/connector/internal/services/vault/vault_service_tmp.go:132.2,135.25 3 1
github.com/bf2fc6cc711aee1a0c2a/kas-fleet-manager/internal/connector/internal/services/vault/vault_service_tmp.go:141.2,141.12 1 1
github.com/bf2fc6cc711aee1a0c2a/kas-fleet-manager/internal/connector/internal/services/vault/vault_service_tmp.go:128.30,131.3 2 0
github.com/bf2fc6cc711aee1a0c2a/kas-fleet-manager/internal/connector/internal/services/vault/vault_service_tmp.go:135.25,137.53 2 0
github.com/bf2fc6cc711aee1a0c2a/kas-fleet-manager/internal/connector/internal/services/vault/vault_service_tmp.go:137.53,139.4 1 0
github.com/bf2fc6cc711aee1a0c2a/kas-fleet-manager/internal/kafka/internal/api/dbapi/data_plane_kafka_status.go:35.90,36.33 1 1
github.com/bf2fc6cc711aee1a0c2a/kas-fleet-manager/internal/kafka/internal/api/dbapi/data_plane_kafka_status.go:41.2,41.47 1 1
github.com/bf2fc6cc711aee1a0c2a/kas-fleet-manager/internal/kafka/internal/api/dbapi/data_plane_kafka_status.go:36.33,37.41 1 1
github.com/bf2fc6cc711aee1a0c2a/kas-fleet-manager/internal/kafka/internal/api/dbapi/data_plane_kafka_status.go:37.41,39.4 1 1
github.com/bf2fc6cc711aee1a0c2a/kas-fleet-manager/internal/kafka/internal/api/dbapi/kafka_request_types.go:61.39,63.22 2 0
github.com/bf2fc6cc711aee1a0c2a/kas-fleet-manager/internal/kafka/internal/api/dbapi/kafka_request_types.go:66.2,66.14 1 0
github.com/bf2fc6cc711aee1a0c2a/kas-fleet-manager/internal/kafka/internal/api/dbapi/kafka_request_types.go:63.22,65.3 1 0
github.com/bf2fc6cc711aee1a0c2a/kas-fleet-manager/internal/kafka/internal/api/dbapi/kafka_request_types.go:69.59,72.14 2 0
github.com/bf2fc6cc711aee1a0c2a/kas-fleet-manager/internal/kafka/internal/api/dbapi/kafka_request_types.go:75.2,75.12 1 0
github.com/bf2fc6cc711aee1a0c2a/kas-fleet-manager/internal/kafka/internal/api/dbapi/kafka_request_types.go:72.14,74.3 1 0
github.com/bf2fc6cc711aee1a0c2a/kas-fleet-manager/internal/kafka/internal/api/dbapi/kafka_request_types.go:78.67,80.21 2 0
github.com/bf2fc6cc711aee1a0c2a/kas-fleet-manager/internal/kafka/internal/api/dbapi/kafka_request_types.go:83.2,83.58 1 0
github.com/bf2fc6cc711aee1a0c2a/kas-fleet-manager/internal/kafka/internal/api/dbapi/kafka_request_types.go:80.21,82.3 1 0
github.com/bf2fc6cc711aee1a0c2a/kas-fleet-manager/internal/kafka/internal/api/dbapi/kafka_request_types.go:83.58,85.3 1 0
github.com/bf2fc6cc711aee1a0c2a/kas-fleet-manager/internal/kafka/internal/api/dbapi/kafka_request_types.go:85.8,87.3 1 0
github.com/bf2fc6cc711aee1a0c2a/kas-fleet-manager/internal/kafka/internal/api/dbapi/kafka_request_types.go:90.70,91.48 1 0
github.com/bf2fc6cc711aee1a0c2a/kas-fleet-manager/internal/kafka/internal/api/dbapi/kafka_request_types.go:91.48,93.3 1 0
github.com/bf2fc6cc711aee1a0c2a/kas-fleet-manager/internal/kafka/internal/api/dbapi/kafka_request_types.go:93.8,96.3 2 0
github.com/bf2fc6cc711aee1a0c2a/kas-fleet-manager/internal/kafka/internal/clusters/ocm_provider.go:32.89,35.16 2 1
github.com/bf2fc6cc711aee1a0c2a/kas-fleet-manager/internal/kafka/internal/clusters/ocm_provider.go:40.2,42.16 2 1
github.com/bf2fc6cc711aee1a0c2a/kas-fleet-manager/internal/kafka/internal/clusters/ocm_provider.go:46.2,49.31 2 1
github.com/bf2fc6cc711aee1a0c2a/kas-fleet-manager/internal/kafka/internal/clusters/ocm_provider.go:52.2,52.39 1 1
github.com/bf2fc6cc711aee1a0c2a/kas-fleet-manager/internal/kafka/internal/clusters/ocm_provider.go:55.2,55.20 1 1
github.com/bf2fc6cc711aee1a0c2a/kas-fleet-manager/internal/kafka/internal/clusters/ocm_provider.go:35.16,37.3 1 0
github.com/bf2fc6cc711aee1a0c2a/kas-fleet-manager/internal/kafka/internal/clusters/ocm_provider.go:42.16,44.3 1 1
github.com/bf2fc6cc711aee1a0c2a/kas-fleet-manager/internal/kafka/internal/clusters/ocm_provider.go:49.31,51.3 1 1
github.com/bf2fc6cc711aee1a0c2a/kas-fleet-manager/internal/kafka/internal/clusters/ocm_provider.go:52.39,54.3 1 1
github.com/bf2fc6cc711aee1a0c2a/kas-fleet-manager/internal/kafka/internal/clusters/ocm_provider.go:58.95,60.16 2 1
github.com/bf2fc6cc711aee1a0c2a/kas-fleet-manager/internal/kafka/internal/clusters/ocm_provider.go:63.2,64.23 2 1
github.com/bf2fc6cc711aee1a0c2a/kas-fleet-manager/internal/kafka/internal/clusters/ocm_provider.go:68.2,70.63 2 1
github.com/bf2fc6cc711aee1a0c2a/kas-fleet-manager/internal/kafka/internal/clusters/ocm_provider.go:80.2,80.63 1 1
github.com/bf2fc6cc711aee1a0c2a/kas-fleet-manager/internal/kafka/internal/clusters/ocm_provider.go:83.2,83.18 1 1
github.com/bf2fc6cc711aee1a0c2a/kas-fleet-manager/internal/kafka/internal/clusters/ocm_provider.go:60.16,62.3 1 1
github.com/bf2fc6cc711aee1a0c2a/kas-fleet-manager/internal/kafka/internal/clusters/ocm_provider.go:64.23,66.3 1 1
github.com/bf2fc6cc711aee1a0c2a/kas-fleet-manager/internal/kafka/internal/clusters/ocm_provider.go:70.63,71.28 1 1
github.com/bf2fc6cc711aee1a0c2a/kas-fleet-manager/internal/kafka/internal/clusters/ocm_provider.go:78.3,78.39 1 1
github.com/bf2fc6cc711aee1a0c2a/kas-fleet-manager/internal/kafka/internal/clusters/ocm_provider.go:71.28,73.11 2 1
github.com/bf2fc6cc711aee1a0c2a/kas-fleet-manager/internal/kafka/internal/clusters/ocm_provider.go:76.4,76.32 1 1
github.com/bf2fc6cc711aee1a0c2a/kas-fleet-manager/internal/kafka/internal/clusters/ocm_provider.go:73.11,75.5 1 0
github.com/bf2fc6cc711aee1a0c2a/kas-fleet-manager/internal/kafka/internal/clusters/ocm_provider.go:80.63,82.3 1 1
github.com/bf2fc6cc711aee1a0c2a/kas-fleet-manager/internal/kafka/internal/clusters/ocm_provider.go:86.69,88.47 2 1
github.com/bf2fc6cc711aee1a0c2a/kas-fleet-manager/internal/kafka/internal/clusters/ocm_provider.go:91.2,91.41 1 1
github.com/bf2fc6cc711aee1a0c2a/kas-fleet-manager/internal/kafka/internal/clusters/ocm_provider.go:88.47,90.3 1 1
github.com/bf2fc6cc711aee1a0c2a/kas-fleet-manager/internal/kafka/internal/clusters/ocm_provider.go:94.85,96.16 2 1
github.com/bf2fc6cc711aee1a0c2a/kas-fleet-manager/internal/kafka/internal/clusters/ocm_provider.go:99.2,99.24 1 1
github.com/bf2fc6cc711aee1a0c2a/kas-fleet-manager/internal/kafka/internal/clusters/ocm_provider.go:96.16,98.3 1 1
github.com/bf2fc6cc711aee1a0c2a/kas-fleet-manager/internal/kafka/internal/clusters/ocm_provider.go:102.161,103.40 1 1
github.com/bf2fc6cc711aee1a0c2a/kas-fleet-manager/internal/kafka/internal/clusters/ocm_provider.go:111.2,111.17 1 0
github.com/bf2fc6cc711aee1a0c2a/kas-fleet-manager/internal/kafka/internal/clusters/ocm_provider.go:103.40,105.17 2 1
github.com/bf2fc6cc711aee1a0c2a/kas-fleet-manager/internal/kafka/internal/clusters/ocm_provider.go:108.3,109.36 2 1
github.com/bf2fc6cc711aee1a0c2a/kas-fleet-manager/internal/kafka/internal/clusters/ocm_provider.go:105.17,107.4 1 1
github.com/bf2fc6cc711aee1a0c2a/kas-fleet-manager/internal/kafka/internal/clusters/ocm_provider.go:114.127,117.16 3 1
github.com/bf2fc6cc711aee1a0c2a/kas-fleet-manager/internal/kafka/internal/clusters/ocm_provider.go:125.2,125.19 1 1
github.com/bf2fc6cc711aee1a0c2a/kas-fleet-manager/internal/kafka/internal/clusters/ocm_provider.go:139.2,139.24 1 1
github.com/bf2fc6cc711aee1a0c2a/kas-fleet-manager/internal/kafka/internal/clusters/ocm_provider.go:117.16,119.22 2 1
github.com/bf2fc6cc711aee1a0c2a/kas-fleet-manager/internal/kafka/internal/clusters/ocm_provider.go:122.3,122.23 1 1
github.com/bf2fc6cc711aee1a0c2a/kas-fleet-manager/internal/kafka/internal/clusters/ocm_provider.go:119.22,121.4 1 1
github.com/bf2fc6cc711aee1a0c2a/kas-fleet-manager/internal/kafka/internal/clusters/ocm_provider.go:125.19,128.24 3 1
github.com/bf2fc6cc711aee1a0c2a/kas-fleet-manager/internal/kafka/internal/clusters/ocm_provider.go:128.24,130.4 1 0
github.com/bf2fc6cc711aee1a0c2a/kas-fleet-manager/internal/kafka/internal/clusters/ocm_provider.go:131.8,134.24 3 1
github.com/bf2fc6cc711aee1a0c2a/kas-fleet-manager/internal/kafka/internal/clusters/ocm_provider.go:134.24,136.4 1 0
github.com/bf2fc6cc711aee1a0c2a/kas-fleet-manager/internal/kafka/internal/clusters/ocm_provider.go:142.106,144.16 2 1
github.com/bf2fc6cc711aee1a0c2a/kas-fleet-manager/internal/kafka/internal/clusters/ocm_provider.go:147.2,147.25 1 1
github.com/bf2fc6cc711aee1a0c2a/kas-fleet-manager/internal/kafka/internal/clusters/ocm_provider.go:144.16,146.3 1 1
github.com/bf2fc6cc711aee1a0c2a/kas-fleet-manager/internal/kafka/internal/clusters/ocm_provider.go:150.108,152.16 2 1
github.com/bf2fc6cc711aee1a0c2a/kas-fleet-manager/internal/kafka/internal/clusters/ocm_provider.go:155.2,155.25 1 1
github.com/bf2fc6cc711aee1a0c2a/kas-fleet-manager/internal/kafka/internal/clusters/ocm_provider.go:152.16,154.3 1 1
github.com/bf2fc6cc711aee1a0c2a/kas-fleet-manager/internal/kafka/internal/clusters/ocm_provider.go:158.113,160.16 2 1
github.com/bf2fc6cc711aee1a0c2a/kas-fleet-manager/internal/kafka/internal/clusters/ocm_provider.go:163.2,163.25 1 1
github.com/bf2fc6cc711aee1a0c2a/kas-fleet-manager/internal/kafka/internal/clusters/ocm_provider.go:160.16,162.3 1 1
github.com/bf2fc6cc711aee1a0c2a/kas-fleet-manager/internal/kafka/internal/clusters/ocm_provider.go:166.104,168.16 2 1
github.com/bf2fc6cc711aee1a0c2a/kas-fleet-manager/internal/kafka/internal/clusters/ocm_provider.go:171.2,172.16 2 1
github.com/bf2fc6cc711aee1a0c2a/kas-fleet-manager/internal/kafka/internal/clusters/ocm_provider.go:175.2,175.20 1 1
github.com/bf2fc6cc711aee1a0c2a/kas-fleet-manager/internal/kafka/internal/clusters/ocm_provider.go:178.2,179.9 2 1
github.com/bf2fc6cc711aee1a0c2a/kas-fleet-manager/internal/kafka/internal/clusters/ocm_provider.go:183.2,184.9 2 1
github.com/bf2fc6cc711aee1a0c2a/kas-fleet-manager/internal/kafka/internal/clusters/ocm_provider.go:188.2,189.9 2 1
github.com/bf2fc6cc711aee1a0c2a/kas-fleet-manager/internal/kafka/internal/clusters/ocm_provider.go:192.2,193.9 2 1
github.com/bf2fc6cc711aee1a0c2a/kas-fleet-manager/internal/kafka/internal/clusters/ocm_provider.go:196.2,199.8 1 1
github.com/bf2fc6cc711aee1a0c2a/kas-fleet-manager/internal/kafka/internal/clusters/ocm_provider.go:168.16,170.3 1 1
github.com/bf2fc6cc711aee1a0c2a/kas-fleet-manager/internal/kafka/internal/clusters/ocm_provider.go:172.16,174.3 1 1
github.com/bf2fc6cc711aee1a0c2a/kas-fleet-manager/internal/kafka/internal/clusters/ocm_provider.go:175.20,177.3 1 0
github.com/bf2fc6cc711aee1a0c2a/kas-fleet-manager/internal/kafka/internal/clusters/ocm_provider.go:179.9,181.3 1 0
github.com/bf2fc6cc711aee1a0c2a/kas-fleet-manager/internal/kafka/internal/clusters/ocm_provider.go:184.9,186.3 1 0
github.com/bf2fc6cc711aee1a0c2a/kas-fleet-manager/internal/kafka/internal/clusters/ocm_provider.go:189.9,191.3 1 0
github.com/bf2fc6cc711aee1a0c2a/kas-fleet-manager/internal/kafka/internal/clusters/ocm_provider.go:193.9,195.3 1 0
github.com/bf2fc6cc711aee1a0c2a/kas-fleet-manager/internal/kafka/internal/clusters/ocm_provider.go:202.84,204.2 1 0
github.com/bf2fc6cc711aee1a0c2a/kas-fleet-manager/internal/kafka/internal/clusters/ocm_provider.go:206.117,208.2 1 0
github.com/bf2fc6cc711aee1a0c2a/kas-fleet-manager/internal/kafka/internal/clusters/ocm_provider.go:210.116,212.2 1 0
github.com/bf2fc6cc711aee1a0c2a/kas-fleet-manager/internal/kafka/internal/clusters/ocm_provider.go:214.98,217.16 3 1
github.com/bf2fc6cc711aee1a0c2a/kas-fleet-manager/internal/kafka/internal/clusters/ocm_provider.go:222.2,222.34 1 1
github.com/bf2fc6cc711aee1a0c2a/kas-fleet-manager/internal/kafka/internal/clusters/ocm_provider.go:230.2,230.77 1 1
github.com/bf2fc6cc711aee1a0c2a/kas-fleet-manager/internal/kafka/internal/clusters/ocm_provider.go:234.2,234.19 1 1
github.com/bf2fc6cc711aee1a0c2a/kas-fleet-manager/internal/kafka/internal/clusters/ocm_provider.go:217.16,219.3 1 1
github.com/bf2fc6cc711aee1a0c2a/kas-fleet-manager/internal/kafka/internal/clusters/ocm_provider.go:222.34,224.17 2 1
github.com/bf2fc6cc711aee1a0c2a/kas-fleet-manager/internal/kafka/internal/clusters/ocm_provider.go:224.17,226.4 1 0
github.com/bf2fc6cc711aee1a0c2a/kas-fleet-manager/internal/kafka/internal/clusters/ocm_provider.go:230.77,232.3 1 1
github.com/bf2fc6cc711aee1a0c2a/kas-fleet-manager/internal/kafka/internal/clusters/ocm_provider.go:237.134,239.21 2 1
github.com/bf2fc6cc711aee1a0c2a/kas-fleet-manager/internal/kafka/internal/clusters/ocm_provider.go:243.2,243.62 1 1
github.com/bf2fc6cc711aee1a0c2a/kas-fleet-manager/internal/kafka/internal/clusters/ocm_provider.go:251.2,251.105 1 1
github.com/bf2fc6cc711aee1a0c2a/kas-fleet-manager/internal/kafka/internal/clusters/ocm_provider.go:259.2,259.19 1 1
github.com/bf2fc6cc711aee1a0c2a/kas-fleet-manager/internal/kafka/internal/clusters/ocm_provider.go:239.21,241.3 1 1
github.com/bf2fc6cc711aee1a0c2a/kas-fleet-manager/internal/kafka/internal/clusters/ocm_provider.go:243.62,246.22 3 1
github.com/bf2fc6cc711aee1a0c2a/kas-fleet-manager/internal/kafka/internal/clusters/ocm_provider.go:246.22,248.4 1 0
github.com/bf2fc6cc711aee1a0c2a/kas-fleet-manager/internal/kafka/internal/clusters/ocm_provider.go:251.105,253.22 2 1
github.com/bf2fc6cc711aee1a0c2a/kas-fleet-manager/internal/kafka/internal/clusters/ocm_provider.go:256.3,256.19 1 1
github.com/bf2fc6cc711aee1a0c2a/kas-fleet-manager/internal/kafka/internal/clusters/ocm_provider.go:253.22,255.4 1 0
github.com/bf2fc6cc711aee1a0c2a/kas-fleet-manager/internal/kafka/internal/clusters/ocm_provider.go:262.81,265.16 3 1
github.com/bf2fc6cc711aee1a0c2a/kas-fleet-manager/internal/kafka/internal/clusters/ocm_provider.go:268.2,269.66 2 1
github.com/bf2fc6cc711aee1a0c2a/kas-fleet-manager/internal/kafka/internal/clusters/ocm_provider.go:278.2,279.19 2 1
github.com/bf2fc6cc711aee1a0c2a/kas-fleet-manager/internal/kafka/internal/clusters/ocm_provider.go:265.16,267.3 1 1
github.com/bf2fc6cc711aee1a0c2a/kas-fleet-manager/internal/kafka/internal/clusters/ocm_provider.go:269.66,277.3 3 1
github.com/bf2fc6cc711aee1a0c2a/kas-fleet-manager/internal/kafka/internal/clusters/ocm_provider.go:282.129,285.16 3 1
github.com/bf2fc6cc711aee1a0c2a/kas-fleet-manager/internal/kafka/internal/clusters/ocm_provider.go:288.2,289.16 2 1
github.com/bf2fc6cc711aee1a0c2a/kas-fleet-manager/internal/kafka/internal/clusters/ocm_provider.go:292.2,293.63 2 1
github.com/bf2fc6cc711aee1a0c2a/kas-fleet-manager/internal/kafka/internal/clusters/ocm_provider.go:304.2,305.19 2 1
github.com/bf2fc6cc711aee1a0c2a/kas-fleet-manager/internal/kafka/internal/clusters/ocm_provider.go:285.16,287.3 1 0
github.com/bf2fc6cc711aee1a0c2a/kas-fleet-manager/internal/kafka/internal/clusters/ocm_provider.go:289.16,291.3 1 1
github.com/bf2fc6cc711aee1a0c2a/kas-fleet-manager/internal/kafka/internal/clusters/ocm_provider.go:293.63,303.3 3 1
github.com/bf2fc6cc711aee1a0c2a/kas-fleet-manager/internal/kafka/internal/clusters/ocm_provider.go:311.130,317.2 1 1
github.com/bf2fc6cc711aee1a0c2a/kas-fleet-manager/internal/kafka/internal/clusters/ocm_provider.go:319.145,321.21 2 1
github.com/bf2fc6cc711aee1a0c2a/kas-fleet-manager/internal/kafka/internal/clusters/ocm_provider.go:324.2,325.38 2 1
github.com/bf2fc6cc711aee1a0c2a/kas-fleet-manager/internal/kafka/internal/clusters/ocm_provider.go:341.2,341.42 1 1
github.com/bf2fc6cc711aee1a0c2a/kas-fleet-manager/internal/kafka/internal/clusters/ocm_provider.go:321.21,323.3 1 0
github.com/bf2fc6cc711aee1a0c2a/kas-fleet-manager/internal/kafka/internal/clusters/ocm_provider.go:325.38,327.89 1 1
github.com/bf2fc6cc711aee1a0c2a/kas-fleet-manager/internal/kafka/internal/clusters/ocm_provider.go:339.3,339.57 1 1
github.com/bf2fc6cc711aee1a0c2a/kas-fleet-manager/internal/kafka/internal/clusters/ocm_provider.go:327.89,329.38 2 1
github.com/bf2fc6cc711aee1a0c2a/kas-fleet-manager/internal/kafka/internal/clusters/ocm_provider.go:333.4,333.67 1 1
github.com/bf2fc6cc711aee1a0c2a/kas-fleet-manager/internal/kafka/internal/clusters/ocm_provider.go:329.38,331.5 1 0
github.com/bf2fc6cc711aee1a0c2a/kas-fleet-manager/internal/kafka/internal/clusters/ocm_provider.go:333.67,334.54 1 1
github.com/bf2fc6cc711aee1a0c2a/kas-fleet-manager/internal/kafka/internal/clusters/ocm_provider.go:334.54,336.6 1 1
github.com/bf2fc6cc711aee1a0c2a/kas-fleet-manager/internal/kafka/internal/clusters/ocm_provider.go:344.119,347.30 2 1
github.com/bf2fc6cc711aee1a0c2a/kas-fleet-manager/internal/kafka/internal/clusters/ocm_provider.go:351.2,351.54 1 1
github.com/bf2fc6cc711aee1a0c2a/kas-fleet-manager/internal/kafka/internal/clusters/ocm_provider.go:347.30,349.3 1 0
github.com/bf2fc6cc711aee1a0c2a/kas-fleet-manager/internal/kafka/internal/clusters/ocm_provider.go:354.160,356.30 2 1
github.com/bf2fc6cc711aee1a0c2a/kas-fleet-manager/internal/kafka/internal/clusters/ocm_provider.go:359.2,359.55 1 1
github.com/bf2fc6cc711aee1a0c2a/kas-fleet-manager/internal/kafka/internal/clusters/ocm_provider.go:363.2,364.21 2 1
github.com/bf2fc6cc711aee1a0c2a/kas-fleet-manager/internal/kafka/internal/clusters/ocm_provider.go:356.30,358.3 1 0
github.com/bf2fc6cc711aee1a0c2a/kas-fleet-manager/internal/kafka/internal/clusters/ocm_provider.go:359.55,362.3 2 1
github.com/bf2fc6cc711aee1a0c2a/kas-fleet-manager/internal/kafka/internal/clusters/ocm_provider.go:367.98,368.55 1 1
github.com/bf2fc6cc711aee1a0c2a/kas-fleet-manager/internal/kafka/internal/clusters/ocm_provider.go:376.2,376.36 1 1
github.com/bf2fc6cc711aee1a0c2a/kas-fleet-manager/internal/kafka/internal/clusters/ocm_provider.go:389.2,389.14 1 1
github.com/bf2fc6cc711aee1a0c2a/kas-fleet-manager/internal/kafka/internal/clusters/ocm_provider.go:368.55,370.3 1 1
github.com/bf2fc6cc711aee1a0c2a/kas-fleet-manager/internal/kafka/internal/clusters/ocm_provider.go:376.36,381.17 3 1
github.com/bf2fc6cc711aee1a0c2a/kas-fleet-manager/internal/kafka/internal/clusters/ocm_provider.go:384.3,384.33 1 1
github.com/bf2fc6cc711aee1a0c2a/kas-fleet-manager/internal/kafka/internal/clusters/ocm_provider.go:381.17,383.4 1 0
github.com/bf2fc6cc711aee1a0c2a/kas-fleet-manager/internal/kafka/internal/clusters/ocm_provider.go:384.33,386.4 1 0
github.com/bf2fc6cc711aee1a0c2a/kas-fleet-manager/internal/kafka/internal/clusters/ocm_provider.go:392.112,409.24 4 1
github.com/bf2fc6cc711aee1a0c2a/kas-fleet-manager/internal/kafka/internal/clusters/ocm_provider.go:413.2,413.30 1 1
github.com/bf2fc6cc711aee1a0c2a/kas-fleet-manager/internal/kafka/internal/clusters/ocm_provider.go:409.24,411.3 1 0
github.com/bf2fc6cc711aee1a0c2a/kas-fleet-manager/internal/kafka/internal/clusters/provider.go:65.27,74.2 3 0
github.com/bf2fc6cc711aee1a0c2a/kas-fleet-manager/internal/kafka/internal/clusters/provider.go:76.102,77.24 1 0
github.com/bf2fc6cc711aee1a0c2a/kas-fleet-manager/internal/kafka/internal/clusters/provider.go:81.2,82.9 2 0
github.com/bf2fc6cc711aee1a0c2a/kas-fleet-manager/internal/kafka/internal/clusters/provider.go:86.2,86.22 1 0
github.com/bf2fc6cc711aee1a0c2a/kas-fleet-manager/internal/kafka/internal/clusters/provider.go:77.24,79.3 1 0
github.com/bf2fc6cc711aee1a0c2a/kas-fleet-manager/internal/kafka/internal/clusters/provider.go:82.9,84.3 1 0
github.com/bf2fc6cc711aee1a0c2a/kas-fleet-manager/internal/kafka/internal/clusters/provider_factory_moq.go:46.102,47.33 1 0
github.com/bf2fc6cc711aee1a0c2a/kas-fleet-manager/internal/kafka/internal/clusters/provider_factory_moq.go:50.2,58.43 5 0
github.com/bf2fc6cc711aee1a0c2a/kas-fleet-manager/internal/kafka/internal/clusters/provider_factory_moq.go:47.33,48.110 1 0
github.com/bf2fc6cc711aee1a0c2a/kas-fleet-manager/internal/kafka/internal/clusters/provider_factory_moq.go:66.3,74.2 5 0
github.com/bf2fc6cc711aee1a0c2a/kas-fleet-manager/internal/kafka/internal/clusters/provider_moq.go:227.161,228.41 1 0
github.com/bf2fc6cc711aee1a0c2a/kas-fleet-manager/internal/kafka/internal/clusters/provider_moq.go:231.2,241.68 5 0
github.com/bf2fc6cc711aee1a0c2a/kas-fleet-manager/internal/kafka/internal/clusters/provider_moq.go:228.41,229.112 1 0
github.com/bf2fc6cc711aee1a0c2a/kas-fleet-manager/internal/kafka/internal/clusters/provider_moq.go:250.3,259.2 5 0
github.com/bf2fc6cc711aee1a0c2a/kas-fleet-manager/internal/kafka/internal/clusters/provider_moq.go:262.131,263.36 1 0
github.com/bf2fc6cc711aee1a0c2a/kas-fleet-manager/internal/kafka/internal/clusters/provider_moq.go:266.2,276.56 5 0
github.com/bf2fc6cc711aee1a0c2a/kas-fleet-manager/internal/kafka/internal/clusters/provider_moq.go:263.36,264.102 1 0
github.com/bf2fc6cc711aee1a0c2a/kas-fleet-manager/internal/kafka/internal/clusters/provider_moq.go:285.3,294.2 5 0
github.com/bf2fc6cc711aee1a0c2a/kas-fleet-manager/internal/kafka/internal/clusters/provider_moq.go:297.99,298.40 1 0
github.com/bf2fc6cc711aee1a0c2a/kas-fleet-manager/internal/kafka/internal/clusters/provider_moq.go:301.2,309.42 5 0
github.com/bf2fc6cc711aee1a0c2a/kas-fleet-manager/internal/kafka/internal/clusters/provider_moq.go:298.40,299.110 1 0
github.com/bf2fc6cc711aee1a0c2a/kas-fleet-manager/internal/kafka/internal/clusters/provider_moq.go:317.3,325.2 5 0
github.com/bf2fc6cc711aee1a0c2a/kas-fleet-manager/internal/kafka/internal/clusters/provider_moq.go:328.93,329.28 1 0
github.com/bf2fc6cc711aee1a0c2a/kas-fleet-manager/internal/kafka/internal/clusters/provider_moq.go:332.2,340.33 5 0
github.com/bf2fc6cc711aee1a0c2a/kas-fleet-manager/internal/kafka/internal/clusters/provider_moq.go:329.28,330.86 1 0
github.com/bf2fc6cc711aee1a0c2a/kas-fleet-manager/internal/kafka/internal/clusters/provider_moq.go:348.3,356.2 5 0
github.com/bf2fc6cc711aee1a0c2a/kas-fleet-manager/internal/kafka/internal/clusters/provider_moq.go:359.73,360.28 1 0
github.com/bf2fc6cc711aee1a0c2a/kas-fleet-manager/internal/kafka/internal/clusters/provider_moq.go:363.2,371.30 5 0
github.com/bf2fc6cc711aee1a0c2a/kas-fleet-manager/internal/kafka/internal/clusters/provider_moq.go:360.28,361.86 1 0
github.com/bf2fc6cc711aee1a0c2a/kas-fleet-manager/internal/kafka/internal/clusters/provider_moq.go:379.3,387.2 5 0
github.com/bf2fc6cc711aee1a0c2a/kas-fleet-manager/internal/kafka/internal/clusters/provider_moq.go:390.132,391.45 1 0
github.com/bf2fc6cc711aee1a0c2a/kas-fleet-manager/internal/kafka/internal/clusters/provider_moq.go:394.2,402.54 5 0
github.com/bf2fc6cc711aee1a0c2a/kas-fleet-manager/internal/kafka/internal/clusters/provider_moq.go:391.45,392.120 1 0
github.com/bf2fc6cc711aee1a0c2a/kas-fleet-manager/internal/kafka/internal/clusters/provider_moq.go:410.3,418.2 5 0
github.com/bf2fc6cc711aee1a0c2a/kas-fleet-manager/internal/kafka/internal/clusters/provider_moq.go:421.85,422.39 1 0
github.com/bf2fc6cc711aee1a0c2a/kas-fleet-manager/internal/kafka/internal/clusters/provider_moq.go:425.2,430.37 5 0
github.com/bf2fc6cc711aee1a0c2a/kas-fleet-manager/internal/kafka/internal/clusters/provider_moq.go:422.39,423.108 1 0
github.com/bf2fc6cc711aee1a0c2a/kas-fleet-manager/internal/kafka/internal/clusters/provider_moq.go:437.3,444.2 5 0
github.com/bf2fc6cc711aee1a0c2a/kas-fleet-manager/internal/kafka/internal/clusters/provider_moq.go:447.89,448.35 1 0
github.com/bf2fc6cc711aee1a0c2a/kas-fleet-manager/internal/kafka/internal/clusters/provider_moq.go:451.2,459.44 5 0
github.com/bf2fc6cc711aee1a0c2a/kas-fleet-manager/internal/kafka/internal/clusters/provider_moq.go:448.35,449.100 1 0
github.com/bf2fc6cc711aee1a0c2a/kas-fleet-manager/internal/kafka/internal/clusters/provider_moq.go:467.3,475.2 5 0
github.com/bf2fc6cc711aee1a0c2a/kas-fleet-manager/internal/kafka/internal/clusters/provider_moq.go:478.101,479.37 1 0
github.com/bf2fc6cc711aee1a0c2a/kas-fleet-manager/internal/kafka/internal/clusters/provider_moq.go:482.2,490.39 5 0
github.com/bf2fc6cc711aee1a0c2a/kas-fleet-manager/internal/kafka/internal/clusters/provider_moq.go:479.37,480.104 1 0
github.com/bf2fc6cc711aee1a0c2a/kas-fleet-manager/internal/kafka/internal/clusters/provider_moq.go:498.3,506.2 5 0
github.com/bf2fc6cc711aee1a0c2a/kas-fleet-manager/internal/kafka/internal/clusters/provider_moq.go:509.119,510.43 1 0
github.com/bf2fc6cc711aee1a0c2a/kas-fleet-manager/internal/kafka/internal/clusters/provider_moq.go:513.2,523.60 5 0
github.com/bf2fc6cc711aee1a0c2a/kas-fleet-manager/internal/kafka/internal/clusters/provider_moq.go:510.43,511.116 1 0
github.com/bf2fc6cc711aee1a0c2a/kas-fleet-manager/internal/kafka/internal/clusters/provider_moq.go:532.3,541.2 5 0
github.com/bf2fc6cc711aee1a0c2a/kas-fleet-manager/internal/kafka/internal/clusters/provider_moq.go:544.118,545.42 1 0
github.com/bf2fc6cc711aee1a0c2a/kas-fleet-manager/internal/kafka/internal/clusters/provider_moq.go:548.2,558.59 5 0
github.com/bf2fc6cc711aee1a0c2a/kas-fleet-manager/internal/kafka/internal/clusters/provider_moq.go:545.42,546.114 1 0
github.com/bf2fc6cc711aee1a0c2a/kas-fleet-manager/internal/kafka/internal/clusters/provider_moq.go:567.3,576.2 5 0
github.com/bf2fc6cc711aee1a0c2a/kas-fleet-manager/internal/kafka/internal/clusters/provider_moq.go:579.88,580.36 1 0
github.com/bf2fc6cc711aee1a0c2a/kas-fleet-manager/internal/kafka/internal/clusters/provider_moq.go:583.2,591.45 5 0
github.com/bf2fc6cc711aee1a0c2a/kas-fleet-manager/internal/kafka/internal/clusters/provider_moq.go:580.36,581.102 1 0
github.com/bf2fc6cc711aee1a0c2a/kas-fleet-manager/internal/kafka/internal/clusters/provider_moq.go:599.3,607.2 5 0
github.com/bf2fc6cc711aee1a0c2a/kas-fleet-manager/internal/kafka/internal/clusters/provider_moq.go:610.112,611.31 1 0
github.com/bf2fc6cc711aee1a0c2a/kas-fleet-manager/internal/kafka/internal/clusters/provider_moq.go:614.2,624.51 5 0
github.com/bf2fc6cc711aee1a0c2a/kas-fleet-manager/internal/kafka/internal/clusters/provider_moq.go:611.31,612.92 1 0
github.com/bf2fc6cc711aee1a0c2a/kas-fleet-manager/internal/kafka/internal/clusters/provider_moq.go:633.3,642.2 5 0
github.com/bf2fc6cc711aee1a0c2a/kas-fleet-manager/internal/kafka/internal/clusters/provider_moq.go:645.110,646.29 1 0
github.com/bf2fc6cc711aee1a0c2a/kas-fleet-manager/internal/kafka/internal/clusters/provider_moq.go:649.2,659.49 5 0
github.com/bf2fc6cc711aee1a0c2a/kas-fleet-manager/internal/kafka/internal/clusters/provider_moq.go:646.29,647.88 1 0
github.com/bf2fc6cc711aee1a0c2a/kas-fleet-manager/internal/kafka/internal/clusters/provider_moq.go:668.3,677.2 5 0
github.com/bf2fc6cc711aee1a0c2a/kas-fleet-manager/internal/kafka/internal/clusters/provider_moq.go:680.117,681.37 1 0
github.com/bf2fc6cc711aee1a0c2a/kas-fleet-manager/internal/kafka/internal/clusters/provider_moq.go:684.2,694.56 5 0
github.com/bf2fc6cc711aee1a0c2a/kas-fleet-manager/internal/kafka/internal/clusters/provider_moq.go:681.37,682.104 1 0
github.com/bf2fc6cc711aee1a0c2a/kas-fleet-manager/internal/kafka/internal/clusters/provider_moq.go:703.3,712.2 5 0
github.com/bf2fc6cc711aee1a0c2a/kas-fleet-manager/internal/kafka/internal/clusters/standalone_provider.go:56.144,61.2 1 1
github.com/bf2fc6cc711aee1a0c2a/kas-fleet-manager/internal/kafka/internal/clusters/standalone_provider.go:66.96,68.2 1 0
github.com/bf2fc6cc711aee1a0c2a/kas-fleet-manager/internal/kafka/internal/clusters/standalone_provider.go:70.76,72.2 1 0
github.com/bf2fc6cc711aee1a0c2a/kas-fleet-manager/internal/kafka/internal/clusters/standalone_provider.go:74.91,85.2 2 0
github.com/bf2fc6cc711aee1a0c2a/kas-fleet-manager/internal/kafka/internal/clusters/standalone_provider.go:87.76,98.2 2 1
github.com/bf2fc6cc711aee1a0c2a/kas-fleet-manager/internal/kafka/internal/clusters/standalone_provider.go:100.99,116.2 2 1
github.com/bf2fc6cc711aee1a0c2a/kas-fleet-manager/internal/kafka/internal/clusters/standalone_provider.go:118.99,132.2 2 1
github.com/bf2fc6cc711aee1a0c2a/kas-fleet-manager/internal/kafka/internal/clusters/standalone_provider.go:134.97,153.2 2 1
github.com/bf2fc6cc711aee1a0c2a/kas-fleet-manager/internal/kafka/internal/clusters/standalone_provider.go:155.123,167.2 2 0
github.com/bf2fc6cc711aee1a0c2a/kas-fleet-manager/internal/kafka/internal/clusters/standalone_provider.go:169.82,180.2 2 1
github.com/bf2fc6cc711aee1a0c2a/kas-fleet-manager/internal/kafka/internal/clusters/standalone_provider.go:182.105,198.2 2 1
github.com/bf2fc6cc711aee1a0c2a/kas-fleet-manager/internal/kafka/internal/clusters/standalone_provider.go:200.105,214.2 2 1
github.com/bf2fc6cc711aee1a0c2a/kas-fleet-manager/internal/kafka/internal/clusters/standalone_provider.go:216.103,235.2 2 1
github.com/bf2fc6cc711aee1a0c2a/kas-fleet-manager/internal/kafka/internal/clusters/standalone_provider.go:237.96,239.31 2 1
github.com/bf2fc6cc711aee1a0c2a/kas-fleet-manager/internal/kafka/internal/clusters/standalone_provider.go:243.2,254.3 2 1
github.com/bf2fc6cc711aee1a0c2a/kas-fleet-manager/internal/kafka/internal/clusters/standalone_provider.go:239.31,241.3 1 1
github.com/bf2fc6cc711aee1a0c2a/kas-fleet-manager/internal/kafka/internal/clusters/standalone_provider.go:257.124,259.2 1 0
github.com/bf2fc6cc711aee1a0c2a/kas-fleet-manager/internal/kafka/internal/clusters/standalone_provider.go:261.102,264.2 2 0
github.com/bf2fc6cc711aee1a0c2a/kas-fleet-manager/internal/kafka/internal/clusters/standalone_provider.go:266.92,268.2 1 0
github.com/bf2fc6cc711aee1a0c2a/kas-fleet-manager/internal/kafka/internal/clusters/standalone_provider.go:270.164,280.2 2 0
github.com/bf2fc6cc711aee1a0c2a/kas-fleet-manager/internal/kafka/internal/clusters/standalone_provider.go:284.111,299.2 1 1
github.com/bf2fc6cc711aee1a0c2a/kas-fleet-manager/internal/kafka/internal/clusters/standalone_provider.go:303.128,334.2 1 1
github.com/bf2fc6cc711aee1a0c2a/kas-fleet-manager/internal/kafka/internal/clusters/standalone_provider.go:336.134,337.57 1 0
github.com/bf2fc6cc711aee1a0c2a/kas-fleet-manager/internal/kafka/internal/clusters/standalone_provider.go:341.2,347.16 5 0
github.com/bf2fc6cc711aee1a0c2a/kas-fleet-manager/internal/kafka/internal/clusters/standalone_provider.go:351.2,352.16 2 0
github.com/bf2fc6cc711aee1a0c2a/kas-fleet-manager/internal/kafka/internal/clusters/standalone_provider.go:357.2,358.16 2 0
github.com/bf2fc6cc711aee1a0c2a/kas-fleet-manager/internal/kafka/internal/clusters/standalone_provider.go:362.2,365.47 3 0
github.com/bf2fc6cc711aee1a0c2a/kas-fleet-manager/internal/kafka/internal/clusters/standalone_provider.go:372.2,372.24 1 0
github.com/bf2fc6cc711aee1a0c2a/kas-fleet-manager/internal/kafka/internal/clusters/standalone_provider.go:337.57,339.3 1 0
github.com/bf2fc6cc711aee1a0c2a/kas-fleet-manager/internal/kafka/internal/clusters/standalone_provider.go:347.16,349.3 1 0
github.com/bf2fc6cc711aee1a0c2a/kas-fleet-manager/internal/kafka/internal/clusters/standalone_provider.go:352.16,354.3 1 0
github.com/bf2fc6cc711aee1a0c2a/kas-fleet-manager/internal/kafka/internal/clusters/standalone_provider.go:358.16,360.3 1 0
github.com/bf2fc6cc711aee1a0c2a/kas-fleet-manager/internal/kafka/internal/clusters/standalone_provider.go:365.47,367.17 2 0
github.com/bf2fc6cc711aee1a0c2a/kas-fleet-manager/internal/kafka/internal/clusters/standalone_provider.go:367.17,369.4 1 0
github.com/bf2fc6cc711aee1a0c2a/kas-fleet-manager/internal/kafka/internal/clusters/standalone_provider.go:375.113,377.2 1 0
github.com/bf2fc6cc711aee1a0c2a/kas-fleet-manager/internal/kafka/internal/clusters/standalone_provider.go:379.115,381.2 1 0
github.com/bf2fc6cc711aee1a0c2a/kas-fleet-manager/internal/kafka/internal/clusters/standalone_provider.go:383.120,385.2 1 0
github.com/bf2fc6cc711aee1a0c2a/kas-fleet-manager/internal/kafka/internal/clusters/standalone_provider.go:387.104,389.2 1 0
github.com/bf2fc6cc711aee1a0c2a/kas-fleet-manager/internal/kafka/internal/clusters/standalone_provider.go:391.88,403.16 5 1
github.com/bf2fc6cc711aee1a0c2a/kas-fleet-manager/internal/kafka/internal/clusters/standalone_provider.go:407.2,408.33 2 1
github.com/bf2fc6cc711aee1a0c2a/kas-fleet-manager/internal/kafka/internal/clusters/standalone_provider.go:416.2,416.56 1 1
github.com/bf2fc6cc711aee1a0c2a/kas-fleet-manager/internal/kafka/internal/clusters/standalone_provider.go:403.16,405.3 1 1
github.com/bf2fc6cc711aee1a0c2a/kas-fleet-manager/internal/kafka/internal/clusters/standalone_provider.go:408.33,414.3 1 1
github.com/bf2fc6cc711aee1a0c2a/kas-fleet-manager/internal/kafka/internal/clusters/standalone_provider.go:419.135,433.16 5 1
github.com/bf2fc6cc711aee1a0c2a/kas-fleet-manager/internal/kafka/internal/clusters/standalone_provider.go:437.2,438.33 2 1
github.com/bf2fc6cc711aee1a0c2a/kas-fleet-manager/internal/kafka/internal/clusters/standalone_provider.go:448.2,448.62 1 1
github.com/bf2fc6cc711aee1a0c2a/kas-fleet-manager/internal/kafka/internal/clusters/standalone_provider.go:433.16,435.3 1 1
github.com/bf2fc6cc711aee1a0c2a/kas-fleet-manager/internal/kafka/internal/clusters/standalone_provider.go:438.33,446.3 1 1
github.com/bf2fc6cc711aee1a0c2a/kas-fleet-manager/internal/kafka/internal/clusters/standalone_provider.go:451.147,454.16 2 0
github.com/bf2fc6cc711aee1a0c2a/kas-fleet-manager/internal/kafka/internal/clusters/standalone_provider.go:458.2,461.16 3 0
github.com/bf2fc6cc711aee1a0c2a/kas-fleet-manager/internal/kafka/internal/clusters/standalone_provider.go:465.2,467.27 3 0
github.com/bf2fc6cc711aee1a0c2a/kas-fleet-manager/internal/kafka/internal/clusters/standalone_provider.go:473.2,479.16 5 0
github.com/bf2fc6cc711aee1a0c2a/kas-fleet-manager/internal/kafka/internal/clusters/standalone_provider.go:483.2,485.16 3 0
github.com/bf2fc6cc711aee1a0c2a/kas-fleet-manager/internal/kafka/internal/clusters/standalone_provider.go:489.2,490.76 2 0
github.com/bf2fc6cc711aee1a0c2a/kas-fleet-manager/internal/kafka/internal/clusters/standalone_provider.go:498.2,499.16 2 0
github.com/bf2fc6cc711aee1a0c2a/kas-fleet-manager/internal/kafka/internal/clusters/standalone_provider.go:504.2,507.19 3 0
github.com/bf2fc6cc711aee1a0c2a/kas-fleet-manager/internal/kafka/internal/clusters/standalone_provider.go:512.2,512.52 1 0
github.com/bf2fc6cc711aee1a0c2a/kas-fleet-manager/internal/kafka/internal/clusters/standalone_provider.go:454.16,456.3 1 0
github.com/bf2fc6cc711aee1a0c2a/kas-fleet-manager/internal/kafka/internal/clusters/standalone_provider.go:461.16,463.3 1 0
github.com/bf2fc6cc711aee1a0c2a/kas-fleet-manager/internal/kafka/internal/clusters/standalone_provider.go:467.27,470.3 2 0
github.com/bf2fc6cc711aee1a0c2a/kas-fleet-manager/internal/kafka/internal/clusters/standalone_provider.go:479.16,481.3 1 0
github.com/bf2fc6cc711aee1a0c2a/kas-fleet-manager/internal/kafka/internal/clusters/standalone_provider.go:485.16,487.3 1 0
github.com/bf2fc6cc711aee1a0c2a/kas-fleet-manager/internal/kafka/internal/clusters/standalone_provider.go:490.76,493.3 1 0
github.com/bf2fc6cc711aee1a0c2a/kas-fleet-manager/internal/kafka/internal/clusters/standalone_provider.go:493.8,496.3 1 0
github.com/bf2fc6cc711aee1a0c2a/kas-fleet-manager/internal/kafka/internal/clusters/standalone_provider.go:499.16,501.3 1 0
github.com/bf2fc6cc711aee1a0c2a/kas-fleet-manager/internal/kafka/internal/clusters/standalone_provider.go:507.19,509.3 1 0
github.com/bf2fc6cc711aee1a0c2a/kas-fleet-manager/internal/kafka/internal/clusters/standalone_provider.go:515.136,516.24 1 0
github.com/bf2fc6cc711aee1a0c2a/kas-fleet-manager/internal/kafka/internal/clusters/standalone_provider.go:520.2,521.32 2 0
github.com/bf2fc6cc711aee1a0c2a/kas-fleet-manager/internal/kafka/internal/clusters/standalone_provider.go:530.2,530.13 1 0
github.com/bf2fc6cc711aee1a0c2a/kas-fleet-manager/internal/kafka/internal/clusters/standalone_provider.go:516.24,518.3 1 0
github.com/bf2fc6cc711aee1a0c2a/kas-fleet-manager/internal/kafka/internal/clusters/standalone_provider.go:521.32,523.10 2 0
github.com/bf2fc6cc711aee1a0c2a/kas-fleet-manager/internal/kafka/internal/clusters/standalone_provider.go:523.10,525.4 1 0
github.com/bf2fc6cc711aee1a0c2a/kas-fleet-manager/internal/kafka/internal/clusters/standalone_provider.go:525.9,527.4 1 0
github.com/bf2fc6cc711aee1a0c2a/kas-fleet-manager/internal/kafka/internal/clusters/standalone_provider.go:533.158,534.24 1 0
github.com/bf2fc6cc711aee1a0c2a/kas-fleet-manager/internal/kafka/internal/clusters/standalone_provider.go:540.2,546.4 2 0
github.com/bf2fc6cc711aee1a0c2a/kas-fleet-manager/internal/kafka/internal/clusters/standalone_provider.go:534.24,538.3 1 0
github.com/bf2fc6cc711aee1a0c2a/kas-fleet-manager/internal/kafka/internal/clusters/cluster_builder.go:42.123,48.2 1 1
github.com/bf2fc6cc711aee1a0c2a/kas-fleet-manager/internal/kafka/internal/clusters/cluster_builder.go:50.121,52.37 1 1
github.com/bf2fc6cc711aee1a0c2a/kas-fleet-manager/internal/kafka/internal/clusters/cluster_builder.go:55.2,55.27 1 1
github.com/bf2fc6cc711aee1a0c2a/kas-fleet-manager/internal/kafka/internal/clusters/cluster_builder.go:59.2,66.53 6 1
github.com/bf2fc6cc711aee1a0c2a/kas-fleet-manager/internal/kafka/internal/clusters/cluster_builder.go:70.2,81.31 6 1
github.com/bf2fc6cc711aee1a0c2a/kas-fleet-manager/internal/kafka/internal/clusters/cluster_builder.go:52.37,54.3 1 1
github.com/bf2fc6cc711aee1a0c2a/kas-fleet-manager/internal/kafka/internal/clusters/cluster_builder.go:55.27,57.3 1 1
github.com/bf2fc6cc711aee1a0c2a/kas-fleet-manager/internal/kafka/internal/clusters/cluster_builder.go:66.53,68.3 1 1
github.com/bf2fc6cc711aee1a0c2a/kas-fleet-manager/internal/kafka/internal/clusters/cluster_builder.go:85.42,86.26 1 1
github.com/bf2fc6cc711aee1a0c2a/kas-fleet-manager/internal/kafka/internal/clusters/cluster_builder.go:90.2,90.24 1 1
github.com/bf2fc6cc711aee1a0c2a/kas-fleet-manager/internal/kafka/internal/clusters/cluster_builder.go:94.2,94.37 1 1
github.com/bf2fc6cc711aee1a0c2a/kas-fleet-manager/internal/kafka/internal/clusters/cluster_builder.go:98.2,98.12 1 1
github.com/bf2fc6cc711aee1a0c2a/kas-fleet-manager/internal/kafka/internal/clusters/cluster_builder.go:86.26,88.3 1 1
github.com/bf2fc6cc711aee1a0c2a/kas-fleet-manager/internal/kafka/internal/clusters/cluster_builder.go:90.24,92.3 1 1
github.com/bf2fc6cc711aee1a0c2a/kas-fleet-manager/internal/kafka/internal/clusters/cluster_builder.go:94.37,96.3 1 1
github.com/bf2fc6cc711aee1a0c2a/kas-fleet-manager/internal/kafka/internal/clusters/clusterbuilder_moq.go:47.129,48.46 1 0
github.com/bf2fc6cc711aee1a0c2a/kas-fleet-manager/internal/kafka/internal/clusters/clusterbuilder_moq.go:51.2,59.58 5 0
github.com/bf2fc6cc711aee1a0c2a/kas-fleet-manager/internal/kafka/internal/clusters/clusterbuilder_moq.go:48.46,49.134 1 0
github.com/bf2fc6cc711aee1a0c2a/kas-fleet-manager/internal/kafka/internal/clusters/clusterbuilder_moq.go:67.3,75.2 5 0
github.com/bf2fc6cc711aee1a0c2a/kas-fleet-manager/internal/kafka/internal/clusters/types/types.go:86.87,89.46 2 1
github.com/bf2fc6cc711aee1a0c2a/kas-fleet-manager/internal/kafka/internal/clusters/types/types.go:93.2,93.38 1 1
github.com/bf2fc6cc711aee1a0c2a/kas-fleet-manager/internal/kafka/internal/clusters/types/types.go:89.46,91.3 1 1
github.com/bf2fc6cc711aee1a0c2a/kas-fleet-manager/internal/kafka/internal/clusters/types/types.go:93.38,95.21 2 1
github.com/bf2fc6cc711aee1a0c2a/kas-fleet-manager/internal/kafka/internal/clusters/types/types.go:95.21,98.4 2 1
github.com/bf2fc6cc711aee1a0c2a/kas-fleet-manager/internal/kafka/internal/config/aws.go:24.32,32.2 1 0
github.com/bf2fc6cc711aee1a0c2a/kas-fleet-manager/internal/kafka/internal/config/aws.go:34.49,40.2 5 0
github.com/bf2fc6cc711aee1a0c2a/kas-fleet-manager/internal/kafka/internal/config/aws.go:42.39,44.16 2 0
github.com/bf2fc6cc711aee1a0c2a/kas-fleet-manager/internal/kafka/internal/config/aws.go:47.2,48.16 2 0
github.com/bf2fc6cc711aee1a0c2a/kas-fleet-manager/internal/kafka/internal/config/aws.go:51.2,52.16 2 0
github.com/bf2fc6cc711aee1a0c2a/kas-fleet-manager/internal/kafka/internal/config/aws.go:55.2,56.16 2 0
github.com/bf2fc6cc711aee1a0c2a/kas-fleet-manager/internal/kafka/internal/config/aws.go:59.2,60.12 2 0
github.com/bf2fc6cc711aee1a0c2a/kas-fleet-manager/internal/kafka/internal/config/aws.go:44.16,46.3 1 0
github.com/bf2fc6cc711aee1a0c2a/kas-fleet-manager/internal/kafka/internal/config/aws.go:48.16,50.3 1 0
github.com/bf2fc6cc711aee1a0c2a/kas-fleet-manager/internal/kafka/internal/config/aws.go:52.16,54.3 1 0
github.com/bf2fc6cc711aee1a0c2a/kas-fleet-manager/internal/kafka/internal/config/aws.go:56.16,58.3 1 0
github.com/bf2fc6cc711aee1a0c2a/kas-fleet-manager/internal/kafka/internal/config/dataplane_cluster_config.go:61.36,63.16 2 1
github.com/bf2fc6cc711aee1a0c2a/kas-fleet-manager/internal/kafka/internal/config/dataplane_cluster_config.go:66.2,66.50 1 1
github.com/bf2fc6cc711aee1a0c2a/kas-fleet-manager/internal/kafka/internal/config/dataplane_cluster_config.go:63.16,65.3 1 0
github.com/bf2fc6cc711aee1a0c2a/kas-fleet-manager/internal/kafka/internal/config/dataplane_cluster_config.go:69.58,97.2 1 1
github.com/bf2fc6cc711aee1a0c2a/kas-fleet-manager/internal/kafka/internal/config/dataplane_cluster_config.go:114.80,123.16 4 1
github.com/bf2fc6cc711aee1a0c2a/kas-fleet-manager/internal/kafka/internal/config/dataplane_cluster_config.go:126.2,127.23 2 1
github.com/bf2fc6cc711aee1a0c2a/kas-fleet-manager/internal/kafka/internal/config/dataplane_cluster_config.go:131.2,131.53 1 1
github.com/bf2fc6cc711aee1a0c2a/kas-fleet-manager/internal/kafka/internal/config/dataplane_cluster_config.go:143.2,143.35 1 1
github.com/bf2fc6cc711aee1a0c2a/kas-fleet-manager/internal/kafka/internal/config/dataplane_cluster_config.go:146.2,146.12 1 1
github.com/bf2fc6cc711aee1a0c2a/kas-fleet-manager/internal/kafka/internal/config/dataplane_cluster_config.go:123.16,125.3 1 1
github.com/bf2fc6cc711aee1a0c2a/kas-fleet-manager/internal/kafka/internal/config/dataplane_cluster_config.go:127.23,129.3 1 0
github.com/bf2fc6cc711aee1a0c2a/kas-fleet-manager/internal/kafka/internal/config/dataplane_cluster_config.go:131.53,132.25 1 0
github.com/bf2fc6cc711aee1a0c2a/kas-fleet-manager/internal/kafka/internal/config/dataplane_cluster_config.go:136.3,136.19 1 0
github.com/bf2fc6cc711aee1a0c2a/kas-fleet-manager/internal/kafka/internal/config/dataplane_cluster_config.go:140.3,140.37 1 0
github.com/bf2fc6cc711aee1a0c2a/kas-fleet-manager/internal/kafka/internal/config/dataplane_cluster_config.go:132.25,134.4 1 0
github.com/bf2fc6cc711aee1a0c2a/kas-fleet-manager/internal/kafka/internal/config/dataplane_cluster_config.go:136.19,138.4 1 0
github.com/bf2fc6cc711aee1a0c2a/kas-fleet-manager/internal/kafka/internal/config/dataplane_cluster_config.go:143.35,145.3 1 0
github.com/bf2fc6cc711aee1a0c2a/kas-fleet-manager/internal/kafka/internal/config/dataplane_cluster_config.go:156.60,158.29 2 1
github.com/bf2fc6cc711aee1a0c2a/kas-fleet-manager/internal/kafka/internal/config/dataplane_cluster_config.go:161.2,164.3 1 1
github.com/bf2fc6cc711aee1a0c2a/kas-fleet-manager/internal/kafka/internal/config/dataplane_cluster_config.go:158.29,160.3 1 1
github.com/bf2fc6cc711aee1a0c2a/kas-fleet-manager/internal/kafka/internal/config/dataplane_cluster_config.go:167.68,169.43 2 1
github.com/bf2fc6cc711aee1a0c2a/kas-fleet-manager/internal/kafka/internal/config/dataplane_cluster_config.go:174.2,174.17 1 1
github.com/bf2fc6cc711aee1a0c2a/kas-fleet-manager/internal/kafka/internal/config/dataplane_cluster_config.go:169.43,170.54 1 1
github.com/bf2fc6cc711aee1a0c2a/kas-fleet-manager/internal/kafka/internal/config/dataplane_cluster_config.go:170.54,172.4 1 1
github.com/bf2fc6cc711aee1a0c2a/kas-fleet-manager/internal/kafka/internal/config/dataplane_cluster_config.go:179.124,181.43 2 1
github.com/bf2fc6cc711aee1a0c2a/kas-fleet-manager/internal/kafka/internal/config/dataplane_cluster_config.go:194.2,194.17 1 1
github.com/bf2fc6cc711aee1a0c2a/kas-fleet-manager/internal/kafka/internal/config/dataplane_cluster_config.go:181.43,182.54 1 1
github.com/bf2fc6cc711aee1a0c2a/kas-fleet-manager/internal/kafka/internal/config/dataplane_cluster_config.go:182.54,183.28 1 1
github.com/bf2fc6cc711aee1a0c2a/kas-fleet-manager/internal/kafka/internal/config/dataplane_cluster_config.go:183.28,184.54 1 1
github.com/bf2fc6cc711aee1a0c2a/kas-fleet-manager/internal/kafka/internal/config/dataplane_cluster_config.go:184.54,186.6 1 1
github.com/bf2fc6cc711aee1a0c2a/kas-fleet-manager/internal/kafka/internal/config/dataplane_cluster_config.go:187.10,188.70 1 1
github.com/bf2fc6cc711aee1a0c2a/kas-fleet-manager/internal/kafka/internal/config/dataplane_cluster_config.go:188.70,190.6 1 1
github.com/bf2fc6cc711aee1a0c2a/kas-fleet-manager/internal/kafka/internal/config/dataplane_cluster_config.go:197.96,198.57 1 1
github.com/bf2fc6cc711aee1a0c2a/kas-fleet-manager/internal/kafka/internal/config/dataplane_cluster_config.go:202.2,202.13 1 0
github.com/bf2fc6cc711aee1a0c2a/kas-fleet-manager/internal/kafka/internal/config/dataplane_cluster_config.go:198.57,201.3 2 1
github.com/bf2fc6cc711aee1a0c2a/kas-fleet-manager/internal/kafka/internal/config/dataplane_cluster_config.go:205.72,206.57 1 1
github.com/bf2fc6cc711aee1a0c2a/kas-fleet-manager/internal/kafka/internal/config/dataplane_cluster_config.go:209.2,209.13 1 0
github.com/bf2fc6cc711aee1a0c2a/kas-fleet-manager/internal/kafka/internal/config/dataplane_cluster_config.go:206.57,208.3 1 1
github.com/bf2fc6cc711aee1a0c2a/kas-fleet-manager/internal/kafka/internal/config/dataplane_cluster_config.go:212.93,215.2 2 0
github.com/bf2fc6cc711aee1a0c2a/kas-fleet-manager/internal/kafka/internal/config/dataplane_cluster_config.go:217.88,220.40 2 1
github.com/bf2fc6cc711aee1a0c2a/kas-fleet-manager/internal/kafka/internal/config/dataplane_cluster_config.go:225.2,225.12 1 1
github.com/bf2fc6cc711aee1a0c2a/kas-fleet-manager/internal/kafka/internal/config/dataplane_cluster_config.go:220.40,221.59 1 1
github.com/bf2fc6cc711aee1a0c2a/kas-fleet-manager/internal/kafka/internal/config/dataplane_cluster_config.go:221.59,223.4 1 1
github.com/bf2fc6cc711aee1a0c2a/kas-fleet-manager/internal/kafka/internal/config/dataplane_cluster_config.go:228.64,230.2 1 0
github.com/bf2fc6cc711aee1a0c2a/kas-fleet-manager/internal/kafka/internal/config/dataplane_cluster_config.go:232.95,236.37 2 1
github.com/bf2fc6cc711aee1a0c2a/kas-fleet-manager/internal/kafka/internal/config/dataplane_cluster_config.go:241.2,241.12 1 1
github.com/bf2fc6cc711aee1a0c2a/kas-fleet-manager/internal/kafka/internal/config/dataplane_cluster_config.go:236.37,237.52 1 1
github.com/bf2fc6cc711aee1a0c2a/kas-fleet-manager/internal/kafka/internal/config/dataplane_cluster_config.go:237.52,239.4 1 1
github.com/bf2fc6cc711aee1a0c2a/kas-fleet-manager/internal/kafka/internal/config/dataplane_cluster_config.go:244.73,246.2 1 1
github.com/bf2fc6cc711aee1a0c2a/kas-fleet-manager/internal/kafka/internal/config/dataplane_cluster_config.go:248.71,250.2 1 1
github.com/bf2fc6cc711aee1a0c2a/kas-fleet-manager/internal/kafka/internal/config/dataplane_cluster_config.go:252.82,254.2 1 0
github.com/bf2fc6cc711aee1a0c2a/kas-fleet-manager/internal/kafka/internal/config/dataplane_cluster_config.go:256.62,276.2 19 0
github.com/bf2fc6cc711aee1a0c2a/kas-fleet-manager/internal/kafka/internal/config/dataplane_cluster_config.go:278.52,279.79 1 0
github.com/bf2fc6cc711aee1a0c2a/kas-fleet-manager/internal/kafka/internal/config/dataplane_cluster_config.go:286.2,286.41 1 0
github.com/bf2fc6cc711aee1a0c2a/kas-fleet-manager/internal/kafka/internal/config/dataplane_cluster_config.go:313.2,314.16 2 0
github.com/bf2fc6cc711aee1a0c2a/kas-fleet-manager/internal/kafka/internal/config/dataplane_cluster_config.go:318.2,319.16 2 0
github.com/bf2fc6cc711aee1a0c2a/kas-fleet-manager/internal/kafka/internal/config/dataplane_cluster_config.go:323.2,323.12 1 0
github.com/bf2fc6cc711aee1a0c2a/kas-fleet-manager/internal/kafka/internal/config/dataplane_cluster_config.go:279.79,281.17 2 0
github.com/bf2fc6cc711aee1a0c2a/kas-fleet-manager/internal/kafka/internal/config/dataplane_cluster_config.go:281.17,283.4 1 0
github.com/bf2fc6cc711aee1a0c2a/kas-fleet-manager/internal/kafka/internal/config/dataplane_cluster_config.go:286.41,288.17 2 0
github.com/bf2fc6cc711aee1a0c2a/kas-fleet-manager/internal/kafka/internal/config/dataplane_cluster_config.go:295.3,295.55 1 0
github.com/bf2fc6cc711aee1a0c2a/kas-fleet-manager/internal/kafka/internal/config/dataplane_cluster_config.go:288.17,290.4 1 0
github.com/bf2fc6cc711aee1a0c2a/kas-fleet-manager/internal/kafka/internal/config/dataplane_cluster_config.go:290.9,292.4 1 0
github.com/bf2fc6cc711aee1a0c2a/kas-fleet-manager/internal/kafka/internal/config/dataplane_cluster_config.go:295.55,296.61 1 0
github.com/bf2fc6cc711aee1a0c2a/kas-fleet-manager/internal/kafka/internal/config/dataplane_cluster_config.go:300.4,300.36 1 0
github.com/bf2fc6cc711aee1a0c2a/kas-fleet-manager/internal/kafka/internal/config/dataplane_cluster_config.go:306.4,307.28 2 0
github.com/bf2fc6cc711aee1a0c2a/kas-fleet-manager/internal/kafka/internal/config/dataplane_cluster_config.go:296.61,297.13 1 0
github.com/bf2fc6cc711aee1a0c2a/kas-fleet-manager/internal/kafka/internal/config/dataplane_cluster_config.go:300.36,302.19 2 0
github.com/bf2fc6cc711aee1a0c2a/kas-fleet-manager/internal/kafka/internal/config/dataplane_cluster_config.go:302.19,304.6 1 0
github.com/bf2fc6cc711aee1a0c2a/kas-fleet-manager/internal/kafka/internal/config/dataplane_cluster_config.go:307.28,309.5 1 0
github.com/bf2fc6cc711aee1a0c2a/kas-fleet-manager/internal/kafka/internal/config/dataplane_cluster_config.go:314.16,316.3 1 0
github.com/bf2fc6cc711aee1a0c2a/kas-fleet-manager/internal/kafka/internal/config/dataplane_cluster_config.go:319.16,321.3 1 0
github.com/bf2fc6cc711aee1a0c2a/kas-fleet-manager/internal/kafka/internal/config/dataplane_cluster_config.go:326.57,328.16 2 0
github.com/bf2fc6cc711aee1a0c2a/kas-fleet-manager/internal/kafka/internal/config/dataplane_cluster_config.go:334.2,338.16 3 0
github.com/bf2fc6cc711aee1a0c2a/kas-fleet-manager/internal/kafka/internal/config/dataplane_cluster_config.go:341.2,342.12 2 0
github.com/bf2fc6cc711aee1a0c2a/kas-fleet-manager/internal/kafka/internal/config/dataplane_cluster_config.go:328.16,329.25 1 0
github.com/bf2fc6cc711aee1a0c2a/kas-fleet-manager/internal/kafka/internal/config/dataplane_cluster_config.go:332.3,332.13 1 0
github.com/bf2fc6cc711aee1a0c2a/kas-fleet-manager/internal/kafka/internal/config/dataplane_cluster_config.go:329.25,331.4 1 0
github.com/bf2fc6cc711aee1a0c2a/kas-fleet-manager/internal/kafka/internal/config/dataplane_cluster_config.go:338.16,340.3 1 0
github.com/bf2fc6cc711aee1a0c2a/kas-fleet-manager/internal/kafka/internal/config/dataplane_cluster_config.go:345.103,346.57 1 1
github.com/bf2fc6cc711aee1a0c2a/kas-fleet-manager/internal/kafka/internal/config/dataplane_cluster_config.go:349.2,349.128 1 1
github.com/bf2fc6cc711aee1a0c2a/kas-fleet-manager/internal/kafka/internal/config/dataplane_cluster_config.go:346.57,348.3 1 1
github.com/bf2fc6cc711aee1a0c2a/kas-fleet-manager/internal/kafka/internal/config/dataplane_cluster_config.go:352.67,354.16 2 0
github.com/bf2fc6cc711aee1a0c2a/kas-fleet-manager/internal/kafka/internal/config/dataplane_cluster_config.go:358.2,362.64 2 0
github.com/bf2fc6cc711aee1a0c2a/kas-fleet-manager/internal/kafka/internal/config/dataplane_cluster_config.go:354.16,356.3 1 0
github.com/bf2fc6cc711aee1a0c2a/kas-fleet-manager/internal/kafka/internal/config/dataplane_cluster_config.go:362.64,364.3 1 0
github.com/bf2fc6cc711aee1a0c2a/kas-fleet-manager/internal/kafka/internal/config/dataplane_cluster_config.go:364.8,366.3 1 0
github.com/bf2fc6cc711aee1a0c2a/kas-fleet-manager/internal/kafka/internal/config/dataplane_cluster_config.go:369.86,370.54 1 1
github.com/bf2fc6cc711aee1a0c2a/kas-fleet-manager/internal/kafka/internal/config/dataplane_cluster_config.go:375.2,375.11 1 1
github.com/bf2fc6cc711aee1a0c2a/kas-fleet-manager/internal/kafka/internal/config/dataplane_cluster_config.go:370.54,371.37 1 1
github.com/bf2fc6cc711aee1a0c2a/kas-fleet-manager/internal/kafka/internal/config/dataplane_cluster_config.go:371.37,373.4 1 1
github.com/bf2fc6cc711aee1a0c2a/kas-fleet-manager/internal/kafka/internal/config/dataplane_cluster_config.go:379.73,381.16 2 0
github.com/bf2fc6cc711aee1a0c2a/kas-fleet-manager/internal/kafka/internal/config/dataplane_cluster_config.go:385.2,385.56 1 0
github.com/bf2fc6cc711aee1a0c2a/kas-fleet-manager/internal/kafka/internal/config/dataplane_cluster_config.go:381.16,383.3 1 0
github.com/bf2fc6cc711aee1a0c2a/kas-fleet-manager/internal/kafka/internal/config/dataplane_cluster_config.go:389.73,391.16 2 0
github.com/bf2fc6cc711aee1a0c2a/kas-fleet-manager/internal/kafka/internal/config/dataplane_cluster_config.go:395.2,395.56 1 0
github.com/bf2fc6cc711aee1a0c2a/kas-fleet-manager/internal/kafka/internal/config/dataplane_cluster_config.go:391.16,393.3 1 0
github.com/bf2fc6cc711aee1a0c2a/kas-fleet-manager/internal/kafka/internal/config/kafka.go:37.36,48.2 1 0
github.com/bf2fc6cc711aee1a0c2a/kas-fleet-manager/internal/kafka/internal/config/kafka.go:50.51,61.2 10 0
github.com/bf2fc6cc711aee1a0c2a/kas-fleet-manager/internal/kafka/internal/config/kafka.go:63.41,65.16 2 0
github.com/bf2fc6cc711aee1a0c2a/kas-fleet-manager/internal/kafka/internal/config/kafka.go:68.2,69.16 2 0
github.com/bf2fc6cc711aee1a0c2a/kas-fleet-manager/internal/kafka/internal/config/kafka.go:72.2,73.16 2 0
github.com/bf2fc6cc711aee1a0c2a/kas-fleet-manager/internal/kafka/internal/config/kafka.go:76.2,77.16 2 0
github.com/bf2fc6cc711aee1a0c2a/kas-fleet-manager/internal/kafka/internal/config/kafka.go:81.2,82.16 2 0
github.com/bf2fc6cc711aee1a0c2a/kas-fleet-manager/internal/kafka/internal/config/kafka.go:85.2,85.116 1 0
github.com/bf2fc6cc711aee1a0c2a/kas-fleet-manager/internal/kafka/internal/config/kafka.go:65.16,67.3 1 0
github.com/bf2fc6cc711aee1a0c2a/kas-fleet-manager/internal/kafka/internal/config/kafka.go:69.16,71.3 1 0
github.com/bf2fc6cc711aee1a0c2a/kas-fleet-manager/internal/kafka/internal/config/kafka.go:73.16,75.3 1 0
github.com/bf2fc6cc711aee1a0c2a/kas-fleet-manager/internal/kafka/internal/config/kafka.go:77.16,79.3 1 0
github.com/bf2fc6cc711aee1a0c2a/kas-fleet-manager/internal/kafka/internal/config/kafka.go:82.16,84.3 1 0
github.com/bf2fc6cc711aee1a0c2a/kas-fleet-manager/internal/kafka/internal/config/kafka.go:88.61,90.2 1 0
github.com/bf2fc6cc711aee1a0c2a/kas-fleet-manager/internal/kafka/internal/config/kafka.go:92.82,93.97 1 0
github.com/bf2fc6cc711aee1a0c2a/kas-fleet-manager/internal/kafka/internal/config/kafka.go:98.2,98.75 1 0
github.com/bf2fc6cc711aee1a0c2a/kas-fleet-manager/internal/kafka/internal/config/kafka.go:93.97,94.33 1 0
github.com/bf2fc6cc711aee1a0c2a/kas-fleet-manager/internal/kafka/internal/config/kafka.go:94.33,96.4 1 0
github.com/bf2fc6cc711aee1a0c2a/kas-fleet-manager/internal/kafka/internal/config/kafka.go:101.92,102.97 1 0
github.com/bf2fc6cc711aee1a0c2a/kas-fleet-manager/internal/kafka/internal/config/kafka.go:111.2,111.92 1 0
github.com/bf2fc6cc711aee1a0c2a/kas-fleet-manager/internal/kafka/internal/config/kafka.go:102.97,103.30 1 0
github.com/bf2fc6cc711aee1a0c2a/kas-fleet-manager/internal/kafka/internal/config/kafka.go:103.30,104.39 1 0
github.com/bf2fc6cc711aee1a0c2a/kas-fleet-manager/internal/kafka/internal/config/kafka.go:104.39,105.26 1 0
github.com/bf2fc6cc711aee1a0c2a/kas-fleet-manager/internal/kafka/internal/config/kafka.go:105.26,107.6 1 0
github.com/bf2fc6cc711aee1a0c2a/kas-fleet-manager/internal/kafka/internal/config/kafka_lifespan.go:8.52,13.2 1 0
github.com/bf2fc6cc711aee1a0c2a/kas-fleet-manager/internal/kafka/internal/config/kafka_quota.go:10.46,15.2 1 0
github.com/bf2fc6cc711aee1a0c2a/kas-fleet-manager/internal/kafka/internal/config/kafka_supported_sizes.go:24.42,25.39 1 1
github.com/bf2fc6cc711aee1a0c2a/kas-fleet-manager/internal/kafka/internal/config/kafka_supported_sizes.go:29.2,29.51 1 1
github.com/bf2fc6cc711aee1a0c2a/kas-fleet-manager/internal/kafka/internal/config/kafka_supported_sizes.go:33.2,35.45 2 1
github.com/bf2fc6cc711aee1a0c2a/kas-fleet-manager/internal/kafka/internal/config/kafka_supported_sizes.go:46.2,46.12 1 1
github.com/bf2fc6cc711aee1a0c2a/kas-fleet-manager/internal/kafka/internal/config/kafka_supported_sizes.go:25.39,27.3 1 1
github.com/bf2fc6cc711aee1a0c2a/kas-fleet-manager/internal/kafka/internal/config/kafka_supported_sizes.go:29.51,31.3 1 1
github.com/bf2fc6cc711aee1a0c2a/kas-fleet-manager/internal/kafka/internal/config/kafka_supported_sizes.go:35.45,36.55 1 1
github.com/bf2fc6cc711aee1a0c2a/kas-fleet-manager/internal/kafka/internal/config/kafka_supported_sizes.go:39.3,41.59 2 1
github.com/bf2fc6cc711aee1a0c2a/kas-fleet-manager/internal/kafka/internal/config/kafka_supported_sizes.go:36.55,38.4 1 0
github.com/bf2fc6cc711aee1a0c2a/kas-fleet-manager/internal/kafka/internal/config/kafka_supported_sizes.go:41.59,43.4 1 1
github.com/bf2fc6cc711aee1a0c2a/kas-fleet-manager/internal/kafka/internal/config/kafka_supported_sizes.go:66.62,68.80 1 1
github.com/bf2fc6cc711aee1a0c2a/kas-fleet-manager/internal/kafka/internal/config/kafka_supported_sizes.go:72.2,73.16 2 1
github.com/bf2fc6cc711aee1a0c2a/kas-fleet-manager/internal/kafka/internal/config/kafka_supported_sizes.go:77.2,78.16 2 1
github.com/bf2fc6cc711aee1a0c2a/kas-fleet-manager/internal/kafka/internal/config/kafka_supported_sizes.go:82.2,83.16 2 1
github.com/bf2fc6cc711aee1a0c2a/kas-fleet-manager/internal/kafka/internal/config/kafka_supported_sizes.go:87.2,88.16 2 1
github.com/bf2fc6cc711aee1a0c2a/kas-fleet-manager/internal/kafka/internal/config/kafka_supported_sizes.go:92.2,95.14 1 1
github.com/bf2fc6cc711aee1a0c2a/kas-fleet-manager/internal/kafka/internal/config/kafka_supported_sizes.go:99.2,99.12 1 1
github.com/bf2fc6cc711aee1a0c2a/kas-fleet-manager/internal/kafka/internal/config/kafka_supported_sizes.go:68.80,70.3 1 1
github.com/bf2fc6cc711aee1a0c2a/kas-fleet-manager/internal/kafka/internal/config/kafka_supported_sizes.go:73.16,75.3 1 0
github.com/bf2fc6cc711aee1a0c2a/kas-fleet-manager/internal/kafka/internal/config/kafka_supported_sizes.go:78.16,80.3 1 1
github.com/bf2fc6cc711aee1a0c2a/kas-fleet-manager/internal/kafka/internal/config/kafka_supported_sizes.go:83.16,85.3 1 0
github.com/bf2fc6cc711aee1a0c2a/kas-fleet-manager/internal/kafka/internal/config/kafka_supported_sizes.go:88.16,90.3 1 1
github.com/bf2fc6cc711aee1a0c2a/kas-fleet-manager/internal/kafka/internal/config/kafka_supported_sizes.go:95.14,97.3 1 1
github.com/bf2fc6cc711aee1a0c2a/kas-fleet-manager/internal/kafka/internal/config/kafka_supported_sizes.go:106.54,109.56 2 1
github.com/bf2fc6cc711aee1a0c2a/kas-fleet-manager/internal/kafka/internal/config/kafka_supported_sizes.go:120.2,120.12 1 1
github.com/bf2fc6cc711aee1a0c2a/kas-fleet-manager/internal/kafka/internal/config/kafka_supported_sizes.go:109.56,110.53 1 1
github.com/bf2fc6cc711aee1a0c2a/kas-fleet-manager/internal/kafka/internal/config/kafka_supported_sizes.go:113.3,115.49 2 1
github.com/bf2fc6cc711aee1a0c2a/kas-fleet-manager/internal/kafka/internal/config/kafka_supported_sizes.go:110.53,112.4 1 0
github.com/bf2fc6cc711aee1a0c2a/kas-fleet-manager/internal/kafka/internal/config/kafka_supported_sizes.go:115.49,117.4 1 1
github.com/bf2fc6cc711aee1a0c2a/kas-fleet-manager/internal/kafka/internal/config/kafka_supported_sizes.go:128.64,132.2 1 0
github.com/bf2fc6cc711aee1a0c2a/kas-fleet-manager/internal/kafka/internal/config/kas-fleetshard.go:10.52,15.2 1 0
github.com/bf2fc6cc711aee1a0c2a/kas-fleet-manager/internal/kafka/internal/config/kas-fleetshard.go:17.59,20.2 2 0
github.com/bf2fc6cc711aee1a0c2a/kas-fleet-manager/internal/kafka/internal/config/kas-fleetshard.go:22.49,24.2 1 0
github.com/bf2fc6cc711aee1a0c2a/kas-fleet-manager/internal/kafka/internal/config/providers.go:23.47,26.21 2 0
github.com/bf2fc6cc711aee1a0c2a/kas-fleet-manager/internal/kafka/internal/config/providers.go:30.2,30.25 1 0
github.com/bf2fc6cc711aee1a0c2a/kas-fleet-manager/internal/kafka/internal/config/providers.go:26.21,28.3 1 0
github.com/bf2fc6cc711aee1a0c2a/kas-fleet-manager/internal/kafka/internal/config/providers.go:39.73,40.42 1 0
github.com/bf2fc6cc711aee1a0c2a/kas-fleet-manager/internal/kafka/internal/config/providers.go:45.2,45.14 1 0
github.com/bf2fc6cc711aee1a0c2a/kas-fleet-manager/internal/kafka/internal/config/providers.go:40.42,41.32 1 0
github.com/bf2fc6cc711aee1a0c2a/kas-fleet-manager/internal/kafka/internal/config/providers.go:41.32,43.4 1 0
github.com/bf2fc6cc711aee1a0c2a/kas-fleet-manager/internal/kafka/internal/config/providers.go:48.89,49.53 1 0
github.com/bf2fc6cc711aee1a0c2a/kas-fleet-manager/internal/kafka/internal/config/providers.go:52.2,52.97 1 0
github.com/bf2fc6cc711aee1a0c2a/kas-fleet-manager/internal/kafka/internal/config/providers.go:49.53,51.3 1 0
github.com/bf2fc6cc711aee1a0c2a/kas-fleet-manager/internal/kafka/internal/config/providers.go:55.80,61.45 4 1
github.com/bf2fc6cc711aee1a0c2a/kas-fleet-manager/internal/kafka/internal/config/providers.go:96.2,96.12 1 1
github.com/bf2fc6cc711aee1a0c2a/kas-fleet-manager/internal/kafka/internal/config/providers.go:61.45,63.56 1 1
github.com/bf2fc6cc711aee1a0c2a/kas-fleet-manager/internal/kafka/internal/config/providers.go:67.3,67.41 1 1
github.com/bf2fc6cc711aee1a0c2a/kas-fleet-manager/internal/kafka/internal/config/providers.go:78.3,80.55 3 1
github.com/bf2fc6cc711aee1a0c2a/kas-fleet-manager/internal/kafka/internal/config/providers.go:85.3,85.46 1 1
github.com/bf2fc6cc711aee1a0c2a/kas-fleet-manager/internal/kafka/internal/config/providers.go:93.3,93.12 1 1
github.com/bf2fc6cc711aee1a0c2a/kas-fleet-manager/internal/kafka/internal/config/providers.go:63.56,64.12 1 1
github.com/bf2fc6cc711aee1a0c2a/kas-fleet-manager/internal/kafka/internal/config/providers.go:67.41,69.28 2 0
github.com/bf2fc6cc711aee1a0c2a/kas-fleet-manager/internal/kafka/internal/config/providers.go:72.4,72.14 1 0
github.com/bf2fc6cc711aee1a0c2a/kas-fleet-manager/internal/kafka/internal/config/providers.go:69.28,71.5 1 0
github.com/bf2fc6cc711aee1a0c2a/kas-fleet-manager/internal/kafka/internal/config/providers.go:80.55,82.4 1 1
github.com/bf2fc6cc711aee1a0c2a/kas-fleet-manager/internal/kafka/internal/config/providers.go:85.46,89.87 2 1
github.com/bf2fc6cc711aee1a0c2a/kas-fleet-manager/internal/kafka/internal/config/providers.go:89.87,91.5 1 1
github.com/bf2fc6cc711aee1a0c2a/kas-fleet-manager/internal/kafka/internal/config/providers.go:99.59,100.46 1 1
github.com/bf2fc6cc711aee1a0c2a/kas-fleet-manager/internal/kafka/internal/config/providers.go:105.2,105.14 1 1
github.com/bf2fc6cc711aee1a0c2a/kas-fleet-manager/internal/kafka/internal/config/providers.go:100.46,101.61 1 1
github.com/bf2fc6cc711aee1a0c2a/kas-fleet-manager/internal/kafka/internal/config/providers.go:101.61,103.4 1 1
github.com/bf2fc6cc711aee1a0c2a/kas-fleet-manager/internal/kafka/internal/config/providers.go:110.66,111.23 1 0
github.com/bf2fc6cc711aee1a0c2a/kas-fleet-manager/internal/kafka/internal/config/providers.go:116.2,116.24 1 0
github.com/bf2fc6cc711aee1a0c2a/kas-fleet-manager/internal/kafka/internal/config/providers.go:111.23,112.27 1 0
github.com/bf2fc6cc711aee1a0c2a/kas-fleet-manager/internal/kafka/internal/config/providers.go:112.27,114.4 1 0
github.com/bf2fc6cc711aee1a0c2a/kas-fleet-manager/internal/kafka/internal/config/providers.go:119.38,121.23 2 0
github.com/bf2fc6cc711aee1a0c2a/kas-fleet-manager/internal/kafka/internal/config/providers.go:124.2,124.26 1 0
github.com/bf2fc6cc711aee1a0c2a/kas-fleet-manager/internal/kafka/internal/config/providers.go:121.23,123.3 1 0
github.com/bf2fc6cc711aee1a0c2a/kas-fleet-manager/internal/kafka/internal/config/providers.go:135.72,136.23 1 1
github.com/bf2fc6cc711aee1a0c2a/kas-fleet-manager/internal/kafka/internal/config/providers.go:141.2,141.26 1 1
github.com/bf2fc6cc711aee1a0c2a/kas-fleet-manager/internal/kafka/internal/config/providers.go:136.23,137.29 1 1
github.com/bf2fc6cc711aee1a0c2a/kas-fleet-manager/internal/kafka/internal/config/providers.go:137.29,139.4 1 1
github.com/bf2fc6cc711aee1a0c2a/kas-fleet-manager/internal/kafka/internal/config/providers.go:144.40,146.23 2 0
github.com/bf2fc6cc711aee1a0c2a/kas-fleet-manager/internal/kafka/internal/config/providers.go:149.2,149.26 1 0
github.com/bf2fc6cc711aee1a0c2a/kas-fleet-manager/internal/kafka/internal/config/providers.go:146.23,148.3 1 0
github.com/bf2fc6cc711aee1a0c2a/kas-fleet-manager/internal/kafka/internal/config/providers.go:161.52,165.2 1 0
github.com/bf2fc6cc711aee1a0c2a/kas-fleet-manager/internal/kafka/internal/config/providers.go:169.64,174.57 4 1
github.com/bf2fc6cc711aee1a0c2a/kas-fleet-manager/internal/kafka/internal/config/providers.go:182.2,182.31 1 1
github.com/bf2fc6cc711aee1a0c2a/kas-fleet-manager/internal/kafka/internal/config/providers.go:185.2,185.12 1 1
github.com/bf2fc6cc711aee1a0c2a/kas-fleet-manager/internal/kafka/internal/config/providers.go:174.57,175.60 1 1
github.com/bf2fc6cc711aee1a0c2a/kas-fleet-manager/internal/kafka/internal/config/providers.go:178.3,178.16 1 1
github.com/bf2fc6cc711aee1a0c2a/kas-fleet-manager/internal/kafka/internal/config/providers.go:175.60,177.4 1 1
github.com/bf2fc6cc711aee1a0c2a/kas-fleet-manager/internal/kafka/internal/config/providers.go:178.16,180.4 1 1
github.com/bf2fc6cc711aee1a0c2a/kas-fleet-manager/internal/kafka/internal/config/providers.go:182.31,184.3 1 0
github.com/bf2fc6cc711aee1a0c2a/kas-fleet-manager/internal/kafka/internal/config/providers.go:188.89,191.37 2 1
github.com/bf2fc6cc711aee1a0c2a/kas-fleet-manager/internal/kafka/internal/config/providers.go:203.2,203.23 1 1
github.com/bf2fc6cc711aee1a0c2a/kas-fleet-manager/internal/kafka/internal/config/providers.go:206.2,206.12 1 1
github.com/bf2fc6cc711aee1a0c2a/kas-fleet-manager/internal/kafka/internal/config/providers.go:191.37,192.16 1 1
github.com/bf2fc6cc711aee1a0c2a/kas-fleet-manager/internal/kafka/internal/config/providers.go:197.3,197.63 1 1
github.com/bf2fc6cc711aee1a0c2a/kas-fleet-manager/internal/kafka/internal/config/providers.go:192.16,194.4 1 1
github.com/bf2fc6cc711aee1a0c2a/kas-fleet-manager/internal/kafka/internal/config/providers.go:197.63,198.61 1 1
github.com/bf2fc6cc711aee1a0c2a/kas-fleet-manager/internal/kafka/internal/config/providers.go:198.61,200.5 1 1
github.com/bf2fc6cc711aee1a0c2a/kas-fleet-manager/internal/kafka/internal/config/providers.go:203.23,205.3 1 1
github.com/bf2fc6cc711aee1a0c2a/kas-fleet-manager/internal/kafka/internal/config/providers.go:209.54,211.2 1 0
github.com/bf2fc6cc711aee1a0c2a/kas-fleet-manager/internal/kafka/internal/config/providers.go:213.44,215.2 1 0
github.com/bf2fc6cc711aee1a0c2a/kas-fleet-manager/internal/kafka/internal/config/providers.go:217.127,219.9 2 0
github.com/bf2fc6cc711aee1a0c2a/kas-fleet-manager/internal/kafka/internal/config/providers.go:222.2,223.9 2 0
github.com/bf2fc6cc711aee1a0c2a/kas-fleet-manager/internal/kafka/internal/config/providers.go:226.2,226.61 1 0
github.com/bf2fc6cc711aee1a0c2a/kas-fleet-manager/internal/kafka/internal/config/providers.go:219.9,221.3 1 0
github.com/bf2fc6cc711aee1a0c2a/kas-fleet-manager/internal/kafka/internal/config/providers.go:223.9,225.3 1 0
github.com/bf2fc6cc711aee1a0c2a/kas-fleet-manager/internal/kafka/internal/config/providers.go:230.77,232.16 2 0
github.com/bf2fc6cc711aee1a0c2a/kas-fleet-manager/internal/kafka/internal/config/providers.go:235.2,235.56 1 0
github.com/bf2fc6cc711aee1a0c2a/kas-fleet-manager/internal/kafka/internal/config/providers.go:232.16,234.3 1 0
github.com/bf2fc6cc711aee1a0c2a/kas-fleet-manager/internal/kafka/internal/config/providers.go:238.54,239.22 1 1
github.com/bf2fc6cc711aee1a0c2a/kas-fleet-manager/internal/kafka/internal/config/providers.go:244.2,244.91 1 1
github.com/bf2fc6cc711aee1a0c2a/kas-fleet-manager/internal/kafka/internal/config/providers.go:239.22,240.16 1 1
github.com/bf2fc6cc711aee1a0c2a/kas-fleet-manager/internal/kafka/internal/config/providers.go:240.16,242.4 1 1
github.com/bf2fc6cc711aee1a0c2a/kas-fleet-manager/internal/kafka/internal/config/providers.go:247.61,248.37 1 1
github.com/bf2fc6cc711aee1a0c2a/kas-fleet-manager/internal/kafka/internal/config/providers.go:253.2,253.87 1 1
github.com/bf2fc6cc711aee1a0c2a/kas-fleet-manager/internal/kafka/internal/config/providers.go:248.37,249.16 1 1
github.com/bf2fc6cc711aee1a0c2a/kas-fleet-manager/internal/kafka/internal/config/providers.go:249.16,251.4 1 1
github.com/bf2fc6cc711aee1a0c2a/kas-fleet-manager/internal/kafka/internal/config/providers.go:256.68,259.2 2 0
github.com/bf2fc6cc711aee1a0c2a/kas-fleet-manager/internal/kafka/internal/converters/cluster.go:9.68,11.33 2 1
github.com/bf2fc6cc711aee1a0c2a/kas-fleet-manager/internal/kafka/internal/converters/cluster.go:15.2,15.32 1 1
github.com/bf2fc6cc711aee1a0c2a/kas-fleet-manager/internal/kafka/internal/converters/cluster.go:19.2,35.3 1 1
github.com/bf2fc6cc711aee1a0c2a/kas-fleet-manager/internal/kafka/internal/converters/cluster.go:11.33,14.3 2 0
github.com/bf2fc6cc711aee1a0c2a/kas-fleet-manager/internal/kafka/internal/converters/cluster.go:15.32,18.3 2 0
github.com/bf2fc6cc711aee1a0c2a/kas-fleet-manager/internal/kafka/internal/converters/cluster.go:39.77,42.38 2 1
github.com/bf2fc6cc711aee1a0c2a/kas-fleet-manager/internal/kafka/internal/converters/cluster.go:47.2,47.29 1 1
github.com/bf2fc6cc711aee1a0c2a/kas-fleet-manager/internal/kafka/internal/converters/cluster.go:42.38,45.3 2 1
github.com/bf2fc6cc711aee1a0c2a/kas-fleet-manager/internal/kafka/internal/converters/cluster.go:50.75,53.38 2 0
github.com/bf2fc6cc711aee1a0c2a/kas-fleet-manager/internal/kafka/internal/converters/cluster.go:58.2,58.29 1 0
github.com/bf2fc6cc711aee1a0c2a/kas-fleet-manager/internal/kafka/internal/converters/cluster.go:53.38,56.3 2 0
github.com/bf2fc6cc711aee1a0c2a/kas-fleet-manager/internal/kafka/internal/converters/kafka_request.go:7.80,24.2 1 0
github.com/bf2fc6cc711aee1a0c2a/kas-fleet-manager/internal/kafka/internal/converters/kafka_request.go:27.82,30.41 2 0
github.com/bf2fc6cc711aee1a0c2a/kas-fleet-manager/internal/kafka/internal/converters/kafka_request.go:35.2,35.25 1 0
github.com/bf2fc6cc711aee1a0c2a/kas-fleet-manager/internal/kafka/internal/converters/kafka_request.go:30.41,33.3 2 0
github.com/bf2fc6cc711aee1a0c2a/kas-fleet-manager/internal/kafka/internal/handlers/metrics.go:28.79,32.2 1 0
github.com/bf2fc6cc711aee1a0c2a/kas-fleet-manager/internal/kafka/internal/handlers/metrics.go:34.81,36.19 2 0
github.com/bf2fc6cc711aee1a0c2a/kas-fleet-manager/internal/kafka/internal/handlers/metrics.go:45.2,51.16 4 0
github.com/bf2fc6cc711aee1a0c2a/kas-fleet-manager/internal/kafka/internal/handlers/metrics.go:67.2,74.29 5 0
github.com/bf2fc6cc711aee1a0c2a/kas-fleet-manager/internal/kafka/internal/handlers/metrics.go:36.19,43.3 2 0
github.com/bf2fc6cc711aee1a0c2a/kas-fleet-manager/internal/kafka/internal/handlers/metrics.go:51.16,52.39 1 0
github.com/bf2fc6cc711aee1a0c2a/kas-fleet-manager/internal/kafka/internal/handlers/metrics.go:63.3,63.9 1 0
github.com/bf2fc6cc711aee1a0c2a/kas-fleet-manager/internal/kafka/internal/handlers/metrics.go:52.39,54.4 1 0
github.com/bf2fc6cc711aee1a0c2a/kas-fleet-manager/internal/kafka/internal/handlers/metrics.go:54.9,62.4 3 0
[...]
github.com/bf2fc6cc711aee1a0c2a/kas-fleet-manager/pkg/shared/config.go.go:30.2,31.12 2 1
github.com/bf2fc6cc711aee1a0c2a/kas-fleet-manager/pkg/shared/config.go.go:26.16,28.3 1 0
github.com/bf2fc6cc711aee1a0c2a/kas-fleet-manager/pkg/shared/config.go.go:35.54,37.16 2 1
github.com/bf2fc6cc711aee1a0c2a/kas-fleet-manager/pkg/shared/config.go.go:41.2,42.12 2 1
github.com/bf2fc6cc711aee1a0c2a/kas-fleet-manager/pkg/shared/config.go.go:37.16,39.3 1 0
github.com/bf2fc6cc711aee1a0c2a/kas-fleet-manager/pkg/shared/config.go.go:45.44,49.23 2 1
github.com/bf2fc6cc711aee1a0c2a/kas-fleet-manager/pkg/shared/config.go.go:54.2,55.16 2 1
github.com/bf2fc6cc711aee1a0c2a/kas-fleet-manager/pkg/shared/config.go.go:58.2,58.25 1 1
github.com/bf2fc6cc711aee1a0c2a/kas-fleet-manager/pkg/shared/config.go.go:49.23,51.3 1 1
github.com/bf2fc6cc711aee1a0c2a/kas-fleet-manager/pkg/shared/config.go.go:55.16,57.3 1 0
github.com/bf2fc6cc711aee1a0c2a/kas-fleet-manager/pkg/shared/config.go.go:61.48,64.16 2 1
github.com/bf2fc6cc711aee1a0c2a/kas-fleet-manager/pkg/shared/config.go.go:70.2,70.24 1 1
github.com/bf2fc6cc711aee1a0c2a/kas-fleet-manager/pkg/shared/config.go.go:75.2,76.35 2 1
github.com/bf2fc6cc711aee1a0c2a/kas-fleet-manager/pkg/shared/config.go.go:79.2,79.20 1 1
github.com/bf2fc6cc711aee1a0c2a/kas-fleet-manager/pkg/shared/config.go.go:64.16,67.3 1 1
github.com/bf2fc6cc711aee1a0c2a/kas-fleet-manager/pkg/shared/config.go.go:70.24,72.3 1 1
github.com/bf2fc6cc711aee1a0c2a/kas-fleet-manager/pkg/shared/config.go.go:76.35,78.3 1 0
github.com/bf2fc6cc711aee1a0c2a/kas-fleet-manager/pkg/shared/load_openapi_spec.go:8.106,10.16 2 0
github.com/bf2fc6cc711aee1a0c2a/kas-fleet-manager/pkg/shared/load_openapi_spec.go:17.2,18.16 2 0
github.com/bf2fc6cc711aee1a0c2a/kas-fleet-manager/pkg/shared/load_openapi_spec.go:25.2,25.8 1 0
github.com/bf2fc6cc711aee1a0c2a/kas-fleet-manager/pkg/shared/load_openapi_spec.go:10.16,16.3 2 0
github.com/bf2fc6cc711aee1a0c2a/kas-fleet-manager/pkg/shared/load_openapi_spec.go:18.16,24.3 2 0
github.com/bf2fc6cc711aee1a0c2a/kas-fleet-manager/pkg/shared/util.go:4.44,5.22 1 0
github.com/bf2fc6cc711aee1a0c2a/kas-fleet-manager/pkg/shared/util.go:10.2,10.14 1 0
github.com/bf2fc6cc711aee1a0c2a/kas-fleet-manager/pkg/shared/util.go:5.22,6.15 1 0
github.com/bf2fc6cc711aee1a0c2a/kas-fleet-manager/pkg/shared/util.go:6.15,8.4 1 0
github.com/bf2fc6cc711aee1a0c2a/kas-fleet-manager/pkg/shared/util.go:13.37,14.16 1 0
github.com/bf2fc6cc711aee1a0c2a/kas-fleet-manager/pkg/shared/util.go:17.2,17.13 1 0
github.com/bf2fc6cc711aee1a0c2a/kas-fleet-manager/pkg/shared/util.go:14.16,16.3 1 0
github.com/bf2fc6cc711aee1a0c2a/kas-fleet-manager/pkg/shared/write_json_response.go:9.78,11.2 1 0
github.com/bf2fc6cc711aee1a0c2a/kas-fleet-manager/pkg/shared/write_json_response.go:14.119,21.20 4 0
github.com/bf2fc6cc711aee1a0c2a/kas-fleet-manager/pkg/shared/write_json_response.go:21.20,27.3 1 0
github.com/bf2fc6cc711aee1a0c2a/kas-fleet-manager/pkg/shared/diff.go:9.82,11.16 2 0
github.com/bf2fc6cc711aee1a0c2a/kas-fleet-manager/pkg/shared/diff.go:14.2,15.16 2 0
github.com/bf2fc6cc711aee1a0c2a/kas-fleet-manager/pkg/shared/diff.go:18.2,27.16 2 0
github.com/bf2fc6cc711aee1a0c2a/kas-fleet-manager/pkg/shared/diff.go:30.2,30.19 1 0
github.com/bf2fc6cc711aee1a0c2a/kas-fleet-manager/pkg/shared/diff.go:11.16,13.3 1 0
github.com/bf2fc6cc711aee1a0c2a/kas-fleet-manager/pkg/shared/diff.go:15.16,17.3 1 0
github.com/bf2fc6cc711aee1a0c2a/kas-fleet-manager/pkg/shared/diff.go:27.16,29.3 1 0
github.com/bf2fc6cc711aee1a0c2a/kas-fleet-manager/pkg/shared/get_project_root_dir.go:17.33,19.16 2 1
github.com/bf2fc6cc711aee1a0c2a/kas-fleet-manager/pkg/shared/get_project_root_dir.go:22.2,25.25 4 1
github.com/bf2fc6cc711aee1a0c2a/kas-fleet-manager/pkg/shared/get_project_root_dir.go:39.2,39.17 1 1
github.com/bf2fc6cc711aee1a0c2a/kas-fleet-manager/pkg/shared/get_project_root_dir.go:19.16,21.3 1 0
github.com/bf2fc6cc711aee1a0c2a/kas-fleet-manager/pkg/shared/get_project_root_dir.go:25.25,29.17 4 1
github.com/bf2fc6cc711aee1a0c2a/kas-fleet-manager/pkg/shared/get_project_root_dir.go:35.3,35.95 1 1
github.com/bf2fc6cc711aee1a0c2a/kas-fleet-manager/pkg/shared/get_project_root_dir.go:29.17,30.12 1 1
github.com/bf2fc6cc711aee1a0c2a/kas-fleet-manager/pkg/shared/get_project_root_dir.go:35.95,36.9 1 1
github.com/bf2fc6cc711aee1a0c2a/kas-fleet-manager/pkg/shared/handle_error.go:11.84,15.48 4 0
github.com/bf2fc6cc711aee1a0c2a/kas-fleet-manager/pkg/shared/handle_error.go:21.2,21.83 1 0
github.com/bf2fc6cc711aee1a0c2a/kas-fleet-manager/pkg/shared/handle_error.go:15.48,17.3 1 0
github.com/bf2fc6cc711aee1a0c2a/kas-fleet-manager/pkg/shared/handle_error.go:17.8,19.3 1 0
github.com/bf2fc6cc711aee1a0c2a/kas-fleet-manager/pkg/shared/is_jwt_token_expired.go:10.49,12.21 2 0
github.com/bf2fc6cc711aee1a0c2a/kas-fleet-manager/pkg/shared/is_jwt_token_expired.go:15.2,17.44 3 0
github.com/bf2fc6cc711aee1a0c2a/kas-fleet-manager/pkg/shared/is_jwt_token_expired.go:12.21,14.3 1 0
github.com/bf2fc6cc711aee1a0c2a/kas-fleet-manager/pkg/shared/numutil.go:5.44,7.20 2 1
github.com/bf2fc6cc711aee1a0c2a/kas-fleet-manager/pkg/shared/numutil.go:11.2,11.40 1 1
github.com/bf2fc6cc711aee1a0c2a/kas-fleet-manager/pkg/shared/numutil.go:7.20,9.3 1 1
github.com/bf2fc6cc711aee1a0c2a/kas-fleet-manager/pkg/shared/numutil.go:16.46,18.2 1 1
github.com/bf2fc6cc711aee1a0c2a/kas-fleet-manager/pkg/shared/secrets/secrets.go:12.95,14.16 2 0
github.com/bf2fc6cc711aee1a0c2a/kas-fleet-manager/pkg/shared/secrets/secrets.go:17.2,17.21 1 0
github.com/bf2fc6cc711aee1a0c2a/kas-fleet-manager/pkg/shared/secrets/secrets.go:14.16,16.3 1 0
github.com/bf2fc6cc711aee1a0c2a/kas-fleet-manager/pkg/shared/secrets/secrets.go:20.93,22.16 2 1
github.com/bf2fc6cc711aee1a0c2a/kas-fleet-manager/pkg/shared/secrets/secrets.go:26.2,27.16 2 1
github.com/bf2fc6cc711aee1a0c2a/kas-fleet-manager/pkg/shared/secrets/secrets.go:31.2,31.31 1 1
github.com/bf2fc6cc711aee1a0c2a/kas-fleet-manager/pkg/shared/secrets/secrets.go:41.2,41.28 1 1
github.com/bf2fc6cc711aee1a0c2a/kas-fleet-manager/pkg/shared/secrets/secrets.go:22.16,24.3 1 0
github.com/bf2fc6cc711aee1a0c2a/kas-fleet-manager/pkg/shared/secrets/secrets.go:27.16,29.3 1 0
github.com/bf2fc6cc711aee1a0c2a/kas-fleet-manager/pkg/shared/secrets/secrets.go:31.31,33.30 2 1
github.com/bf2fc6cc711aee1a0c2a/kas-fleet-manager/pkg/shared/secrets/secrets.go:33.30,35.18 2 1
github.com/bf2fc6cc711aee1a0c2a/kas-fleet-manager/pkg/shared/secrets/secrets.go:35.18,37.5 1 0
github.com/bf2fc6cc711aee1a0c2a/kas-fleet-manager/pkg/shared/secrets/secrets.go:44.69,47.83 2 1
github.com/bf2fc6cc711aee1a0c2a/kas-fleet-manager/pkg/shared/secrets/secrets.go:50.2,51.16 2 1
github.com/bf2fc6cc711aee1a0c2a/kas-fleet-manager/pkg/shared/secrets/secrets.go:55.2,56.84 2 1
github.com/bf2fc6cc711aee1a0c2a/kas-fleet-manager/pkg/shared/secrets/secrets.go:71.2,72.23 2 1
github.com/bf2fc6cc711aee1a0c2a/kas-fleet-manager/pkg/shared/secrets/secrets.go:75.2,75.20 1 1
github.com/bf2fc6cc711aee1a0c2a/kas-fleet-manager/pkg/shared/secrets/secrets.go:47.83,49.3 1 0
github.com/bf2fc6cc711aee1a0c2a/kas-fleet-manager/pkg/shared/secrets/secrets.go:51.16,53.3 1 0
github.com/bf2fc6cc711aee1a0c2a/kas-fleet-manager/pkg/shared/secrets/secrets.go:56.84,57.21 1 1
github.com/bf2fc6cc711aee1a0c2a/kas-fleet-manager/pkg/shared/secrets/secrets.go:68.3,68.15 1 1
github.com/bf2fc6cc711aee1a0c2a/kas-fleet-manager/pkg/shared/secrets/secrets.go:57.21,58.25 1 1
github.com/bf2fc6cc711aee1a0c2a/kas-fleet-manager/pkg/shared/secrets/secrets.go:58.25,60.103 1 1
github.com/bf2fc6cc711aee1a0c2a/kas-fleet-manager/pkg/shared/secrets/secrets.go:63.5,63.103 1 0
github.com/bf2fc6cc711aee1a0c2a/kas-fleet-manager/pkg/shared/secrets/secrets.go:60.103,62.6 1 1
github.com/bf2fc6cc711aee1a0c2a/kas-fleet-manager/pkg/shared/secrets/secrets.go:63.103,65.6 1 0
github.com/bf2fc6cc711aee1a0c2a/kas-fleet-manager/pkg/shared/secrets/secrets.go:72.23,74.3 1 1
github.com/bf2fc6cc711aee1a0c2a/kas-fleet-manager/pkg/shared/secrets/secrets.go:79.74,80.24 1 1
github.com/bf2fc6cc711aee1a0c2a/kas-fleet-manager/pkg/shared/secrets/secrets.go:83.2,83.48 1 1
github.com/bf2fc6cc711aee1a0c2a/kas-fleet-manager/pkg/shared/secrets/secrets.go:80.24,82.3 1 0
github.com/bf2fc6cc711aee1a0c2a/kas-fleet-manager/pkg/shared/secrets/secrets.go:86.135,88.19 1 1
github.com/bf2fc6cc711aee1a0c2a/kas-fleet-manager/pkg/shared/secrets/secrets.go:93.2,93.25 1 1
github.com/bf2fc6cc711aee1a0c2a/kas-fleet-manager/pkg/shared/secrets/secrets.go:101.2,101.20 1 1
github.com/bf2fc6cc711aee1a0c2a/kas-fleet-manager/pkg/shared/secrets/secrets.go:107.2,107.20 1 1
github.com/bf2fc6cc711aee1a0c2a/kas-fleet-manager/pkg/shared/secrets/secrets.go:88.19,91.3 2 1
github.com/bf2fc6cc711aee1a0c2a/kas-fleet-manager/pkg/shared/secrets/secrets.go:93.25,94.34 1 1
github.com/bf2fc6cc711aee1a0c2a/kas-fleet-manager/pkg/shared/secrets/secrets.go:94.34,98.4 3 1
github.com/bf2fc6cc711aee1a0c2a/kas-fleet-manager/pkg/shared/secrets/secrets.go:101.20,102.29 1 0
github.com/bf2fc6cc711aee1a0c2a/kas-fleet-manager/pkg/shared/secrets/secrets.go:102.29,104.4 1 0
github.com/bf2fc6cc711aee1a0c2a/kas-fleet-manager/pkg/shared/secrets/secrets.go:107.20,108.29 1 0
github.com/bf2fc6cc711aee1a0c2a/kas-fleet-manager/pkg/shared/secrets/secrets.go:108.29,110.4 1 0
github.com/bf2fc6cc711aee1a0c2a/kas-fleet-manager/pkg/workers/leader_election_mgr.go:37.113,44.2 1 0
github.com/bf2fc6cc711aee1a0c2a/kas-fleet-manager/pkg/workers/leader_election_mgr.go:46.41,51.12 4 0
github.com/bf2fc6cc711aee1a0c2a/kas-fleet-manager/pkg/workers/leader_election_mgr.go:75.2,75.20 1 0
github.com/bf2fc6cc711aee1a0c2a/kas-fleet-manager/pkg/workers/leader_election_mgr.go:51.12,56.7 4 0
github.com/bf2fc6cc711aee1a0c2a/kas-fleet-manager/pkg/workers/leader_election_mgr.go:56.7,57.11 1 0
github.com/bf2fc6cc711aee1a0c2a/kas-fleet-manager/pkg/workers/leader_election_mgr.go:58.20,59.21 1 0
github.com/bf2fc6cc711aee1a0c2a/kas-fleet-manager/pkg/workers/leader_election_mgr.go:60.22,62.38 2 0
github.com/bf2fc6cc711aee1a0c2a/kas-fleet-manager/pkg/workers/leader_election_mgr.go:69.5,69.11 1 0
github.com/bf2fc6cc711aee1a0c2a/kas-fleet-manager/pkg/workers/leader_election_mgr.go:62.38,64.28 1 0
github.com/bf2fc6cc711aee1a0c2a/kas-fleet-manager/pkg/workers/leader_election_mgr.go:64.28,67.7 2 0
github.com/bf2fc6cc711aee1a0c2a/kas-fleet-manager/pkg/workers/leader_election_mgr.go:80.40,81.23 1 0
github.com/bf2fc6cc711aee1a0c2a/kas-fleet-manager/pkg/workers/leader_election_mgr.go:84.2,84.9 1 0
github.com/bf2fc6cc711aee1a0c2a/kas-fleet-manager/pkg/workers/leader_election_mgr.go:81.23,83.3 1 0
github.com/bf2fc6cc711aee1a0c2a/kas-fleet-manager/pkg/workers/leader_election_mgr.go:85.20,86.9 1 0
github.com/bf2fc6cc711aee1a0c2a/kas-fleet-manager/pkg/workers/leader_election_mgr.go:87.10,90.21 2 0
github.com/bf2fc6cc711aee1a0c2a/kas-fleet-manager/pkg/workers/leader_election_mgr.go:94.48,95.35 1 0
github.com/bf2fc6cc711aee1a0c2a/kas-fleet-manager/pkg/workers/leader_election_mgr.go:95.35,97.38 2 0
github.com/bf2fc6cc711aee1a0c2a/kas-fleet-manager/pkg/workers/leader_election_mgr.go:97.38,101.4 3 0
github.com/bf2fc6cc711aee1a0c2a/kas-fleet-manager/pkg/workers/leader_election_mgr.go:101.9,101.45 1 0
github.com/bf2fc6cc711aee1a0c2a/kas-fleet-manager/pkg/workers/leader_election_mgr.go:101.45,105.4 3 0
github.com/bf2fc6cc711aee1a0c2a/kas-fleet-manager/pkg/workers/leader_election_mgr.go:109.68,112.16 3 0
github.com/bf2fc6cc711aee1a0c2a/kas-fleet-manager/pkg/workers/leader_election_mgr.go:119.2,119.38 1 0
github.com/bf2fc6cc711aee1a0c2a/kas-fleet-manager/pkg/workers/leader_election_mgr.go:124.2,124.13 1 0
github.com/bf2fc6cc711aee1a0c2a/kas-fleet-manager/pkg/workers/leader_election_mgr.go:112.16,117.3 2 0
github.com/bf2fc6cc711aee1a0c2a/kas-fleet-manager/pkg/workers/leader_election_mgr.go:119.38,122.3 2 0
github.com/bf2fc6cc711aee1a0c2a/kas-fleet-manager/pkg/workers/leader_election_mgr.go:129.138,135.154 2 1
github.com/bf2fc6cc711aee1a0c2a/kas-fleet-manager/pkg/workers/leader_election_mgr.go:140.2,140.25 1 1
github.com/bf2fc6cc711aee1a0c2a/kas-fleet-manager/pkg/workers/leader_election_mgr.go:145.2,152.108 4 1
github.com/bf2fc6cc711aee1a0c2a/kas-fleet-manager/pkg/workers/leader_election_mgr.go:203.2,206.8 1 1
github.com/bf2fc6cc711aee1a0c2a/kas-fleet-manager/pkg/workers/leader_election_mgr.go:135.154,137.3 1 1
github.com/bf2fc6cc711aee1a0c2a/kas-fleet-manager/pkg/workers/leader_election_mgr.go:140.25,142.3 1 1
github.com/bf2fc6cc711aee1a0c2a/kas-fleet-manager/pkg/workers/leader_election_mgr.go:152.108,158.179 2 1
github.com/bf2fc6cc711aee1a0c2a/kas-fleet-manager/pkg/workers/leader_election_mgr.go:169.3,169.46 1 1
github.com/bf2fc6cc711aee1a0c2a/kas-fleet-manager/pkg/workers/leader_election_mgr.go:180.3,180.25 1 1
github.com/bf2fc6cc711aee1a0c2a/kas-fleet-manager/pkg/workers/leader_election_mgr.go:193.3,196.20 2 1
github.com/bf2fc6cc711aee1a0c2a/kas-fleet-manager/pkg/workers/leader_election_mgr.go:158.179,161.4 2 0
github.com/bf2fc6cc711aee1a0c2a/kas-fleet-manager/pkg/workers/leader_election_mgr.go:169.46,176.4 3 0
github.com/bf2fc6cc711aee1a0c2a/kas-fleet-manager/pkg/workers/leader_election_mgr.go:180.25,181.133 1 1
github.com/bf2fc6cc711aee1a0c2a/kas-fleet-manager/pkg/workers/leader_election_mgr.go:181.133,184.5 2 0
github.com/bf2fc6cc711aee1a0c2a/kas-fleet-manager/pkg/workers/leader_election_mgr.go:197.8,197.37 1 1
github.com/bf2fc6cc711aee1a0c2a/kas-fleet-manager/pkg/workers/leader_election_mgr.go:197.37,201.3 1 1
github.com/bf2fc6cc711aee1a0c2a/kas-fleet-manager/pkg/workers/leader_election_mgr.go:209.45,211.2 1 1
github.com/bf2fc6cc711aee1a0c2a/kas-fleet-manager/pkg/workers/reconciler.go:26.40,27.10 1 1
github.com/bf2fc6cc711aee1a0c2a/kas-fleet-manager/pkg/workers/reconciler.go:27.10,32.3 4 1
github.com/bf2fc6cc711aee1a0c2a/kas-fleet-manager/pkg/workers/reconciler.go:32.8,33.10 1 1
github.com/bf2fc6cc711aee1a0c2a/kas-fleet-manager/pkg/workers/reconciler.go:34.24,34.24 0 1
github.com/bf2fc6cc711aee1a0c2a/kas-fleet-manager/pkg/workers/reconciler.go:36.11,36.11 0 0
github.com/bf2fc6cc711aee1a0c2a/kas-fleet-manager/pkg/workers/reconciler.go:42.43,50.12 7 1
github.com/bf2fc6cc711aee1a0c2a/kas-fleet-manager/pkg/workers/reconciler.go:50.12,55.7 4 1
github.com/bf2fc6cc711aee1a0c2a/kas-fleet-manager/pkg/workers/reconciler.go:55.7,56.11 1 1
github.com/bf2fc6cc711aee1a0c2a/kas-fleet-manager/pkg/workers/reconciler.go:57.26,60.18 3 1
github.com/bf2fc6cc711aee1a0c2a/kas-fleet-manager/pkg/workers/reconciler.go:63.20,65.27 2 0
github.com/bf2fc6cc711aee1a0c2a/kas-fleet-manager/pkg/workers/reconciler.go:66.24,68.27 2 0
github.com/bf2fc6cc711aee1a0c2a/kas-fleet-manager/pkg/workers/reconciler.go:69.33,73.11 4 1
github.com/bf2fc6cc711aee1a0c2a/kas-fleet-manager/pkg/workers/reconciler.go:60.18,62.6 1 1
github.com/bf2fc6cc711aee1a0c2a/kas-fleet-manager/pkg/workers/reconciler.go:79.50,82.22 3 1
github.com/bf2fc6cc711aee1a0c2a/kas-fleet-manager/pkg/workers/reconciler.go:88.2,89.27 2 1
github.com/bf2fc6cc711aee1a0c2a/kas-fleet-manager/pkg/workers/reconciler.go:82.22,84.3 1 1
github.com/bf2fc6cc711aee1a0c2a/kas-fleet-manager/pkg/workers/reconciler.go:84.8,87.3 2 0
github.com/bf2fc6cc711aee1a0c2a/kas-fleet-manager/pkg/workers/reconciler.go:89.27,91.3 1 0
github.com/bf2fc6cc711aee1a0c2a/kas-fleet-manager/pkg/workers/reconciler.go:94.42,96.9 2 1
github.com/bf2fc6cc711aee1a0c2a/kas-fleet-manager/pkg/workers/reconciler.go:103.2,103.38 1 1
github.com/bf2fc6cc711aee1a0c2a/kas-fleet-manager/pkg/workers/reconciler.go:97.31,98.9 1 0
github.com/bf2fc6cc711aee1a0c2a/kas-fleet-manager/pkg/workers/reconciler.go:99.10,101.31 2 1
github.com/bf2fc6cc711aee1a0c2a/kas-fleet-manager/pkg/workers/woker_interface_moq.go:125.40,126.27 1 1
github.com/bf2fc6cc711aee1a0c2a/kas-fleet-manager/pkg/workers/woker_interface_moq.go:129.2,134.25 5 1
github.com/bf2fc6cc711aee1a0c2a/kas-fleet-manager/pkg/workers/woker_interface_moq.go:126.27,127.80 1 0
github.com/bf2fc6cc711aee1a0c2a/kas-fleet-manager/pkg/workers/woker_interface_moq.go:141.3,148.2 5 0
github.com/bf2fc6cc711aee1a0c2a/kas-fleet-manager/pkg/workers/woker_interface_moq.go:151.54,152.33 1 1
github.com/bf2fc6cc711aee1a0c2a/kas-fleet-manager/pkg/workers/woker_interface_moq.go:155.2,160.31 5 1
github.com/bf2fc6cc711aee1a0c2a/kas-fleet-manager/pkg/workers/woker_interface_moq.go:152.33,153.92 1 0
github.com/bf2fc6cc711aee1a0c2a/kas-fleet-manager/pkg/workers/woker_interface_moq.go:167.3,174.2 5 0
github.com/bf2fc6cc711aee1a0c2a/kas-fleet-manager/pkg/workers/woker_interface_moq.go:177.56,178.34 1 1
github.com/bf2fc6cc711aee1a0c2a/kas-fleet-manager/pkg/workers/woker_interface_moq.go:181.2,186.32 5 1
github.com/bf2fc6cc711aee1a0c2a/kas-fleet-manager/pkg/workers/woker_interface_moq.go:178.34,179.94 1 0
github.com/bf2fc6cc711aee1a0c2a/kas-fleet-manager/pkg/workers/woker_interface_moq.go:193.3,200.2 5 0
github.com/bf2fc6cc711aee1a0c2a/kas-fleet-manager/pkg/workers/woker_interface_moq.go:203.48,204.35 1 1
github.com/bf2fc6cc711aee1a0c2a/kas-fleet-manager/pkg/workers/woker_interface_moq.go:207.2,212.33 5 1
github.com/bf2fc6cc711aee1a0c2a/kas-fleet-manager/pkg/workers/woker_interface_moq.go:204.35,205.96 1 0
github.com/bf2fc6cc711aee1a0c2a/kas-fleet-manager/pkg/workers/woker_interface_moq.go:219.3,226.2 5 0
github.com/bf2fc6cc711aee1a0c2a/kas-fleet-manager/pkg/workers/woker_interface_moq.go:229.42,230.31 1 0
github.com/bf2fc6cc711aee1a0c2a/kas-fleet-manager/pkg/workers/woker_interface_moq.go:233.2,238.29 5 0
github.com/bf2fc6cc711aee1a0c2a/kas-fleet-manager/pkg/workers/woker_interface_moq.go:230.31,231.88 1 0
github.com/bf2fc6cc711aee1a0c2a/kas-fleet-manager/pkg/workers/woker_interface_moq.go:245.3,252.2 5 0
github.com/bf2fc6cc711aee1a0c2a/kas-fleet-manager/pkg/workers/woker_interface_moq.go:255.45,256.31 1 1
github.com/bf2fc6cc711aee1a0c2a/kas-fleet-manager/pkg/workers/woker_interface_moq.go:259.2,264.29 5 1
github.com/bf2fc6cc711aee1a0c2a/kas-fleet-manager/pkg/workers/woker_interface_moq.go:256.31,257.88 1 0
github.com/bf2fc6cc711aee1a0c2a/kas-fleet-manager/pkg/workers/woker_interface_moq.go:271.3,278.2 5 0
github.com/bf2fc6cc711aee1a0c2a/kas-fleet-manager/pkg/workers/woker_interface_moq.go:281.48,282.34 1 1
github.com/bf2fc6cc711aee1a0c2a/kas-fleet-manager/pkg/workers/woker_interface_moq.go:285.2,293.28 5 1
github.com/bf2fc6cc711aee1a0c2a/kas-fleet-manager/pkg/workers/woker_interface_moq.go:282.34,283.94 1 0
github.com/bf2fc6cc711aee1a0c2a/kas-fleet-manager/pkg/workers/woker_interface_moq.go:301.3,309.2 5 0
github.com/bf2fc6cc711aee1a0c2a/kas-fleet-manager/pkg/workers/woker_interface_moq.go:312.33,313.27 1 0
github.com/bf2fc6cc711aee1a0c2a/kas-fleet-manager/pkg/workers/woker_interface_moq.go:316.2,321.18 5 0
github.com/bf2fc6cc711aee1a0c2a/kas-fleet-manager/pkg/workers/woker_interface_moq.go:313.27,314.80 1 0
github.com/bf2fc6cc711aee1a0c2a/kas-fleet-manager/pkg/workers/woker_interface_moq.go:328.3,335.2 5 0
github.com/bf2fc6cc711aee1a0c2a/kas-fleet-manager/pkg/workers/woker_interface_moq.go:338.32,339.26 1 0
github.com/bf2fc6cc711aee1a0c2a/kas-fleet-manager/pkg/workers/woker_interface_moq.go:342.2,347.17 5 0
github.com/bf2fc6cc711aee1a0c2a/kas-fleet-manager/pkg/workers/woker_interface_moq.go:339.26,340.78 1 0
github.com/bf2fc6cc711aee1a0c2a/kas-fleet-manager/pkg/workers/woker_interface_moq.go:354.3,361.2 5 0
github.com/bf2fc6cc711aee1a0c2a/kas-fleet-manager/pkg/workers/worker_interface.go:30.37,32.2 1 0
github.com/bf2fc6cc711aee1a0c2a/kas-fleet-manager/pkg/workers/worker_interface.go:34.45,36.2 1 0
github.com/bf2fc6cc711aee1a0c2a/kas-fleet-manager/pkg/workers/worker_interface.go:38.51,40.2 1 0
github.com/bf2fc6cc711aee1a0c2a/kas-fleet-manager/pkg/workers/worker_interface.go:42.53,44.2 1 0
github.com/bf2fc6cc711aee1a0c2a/kas-fleet-manager/pkg/workers/worker_interface.go:46.39,48.2 1 0
github.com/bf2fc6cc711aee1a0c2a/kas-fleet-manager/pkg/workers/worker_interface.go:50.45,52.2 1 0
github.com/bf2fc6cc711aee1a0c2a/kas-fleet-manager/pkg/workers/worker_interface.go:54.44,57.2 2 0
github.com/bf2fc6cc711aee1a0c2a/kas-fleet-manager/pkg/workers/worker_interface.go:59.43,63.2 3 0
